Log file open, 12/17/24 16:25:50
LogWindows: Failed to load 'aqProf.dll' (GetLastError=126)
LogWindows: File 'aqProf.dll' does not exist
LogWindows: Failed to load 'VtuneApi.dll' (GetLastError=126)
LogWindows: File 'VtuneApi.dll' does not exist
LogWindows: Failed to load 'VtuneApi32e.dll' (GetLastError=126)
LogWindows: File 'VtuneApi32e.dll' does not exist
LogConsoleResponse: Display: Failed to find resolution value strings in scalability ini. Falling back to default.
LogConsoleResponse: Display: Failed to find resolution value strings in scalability ini. Falling back to default.
LogInit: Display: Running engine for game: MyProject3
LogPlatformFile: Not using cached read wrapper
LogTaskGraph: Started task graph with 5 named threads and 47 total threads with 3 sets of task threads.
LogStats: Stats thread started at 0.381931
LogICUInternationalization: ICU TimeZone Detection - Raw Offset: +1:00, Platform Override: ''
LogInit: Display: Loading text-based GConfig....
LogPluginManager: Mounting plugin XGEController
LogPluginManager: Mounting plugin MeshPainting
LogPluginManager: Mounting plugin Paper2D
LogPluginManager: Mounting plugin LiveLink
LogPluginManager: Mounting plugin EnvironmentQueryEditor
LogPluginManager: Mounting plugin LightPropagationVolume
LogPluginManager: Mounting plugin GameplayCameras
LogPluginManager: Mounting plugin AISupport
LogPluginManager: Mounting plugin OodleData
LogPluginManager: Mounting plugin CameraShakePreviewer
LogPluginManager: Mounting plugin AnimationSharing
LogPluginManager: Mounting plugin CLionSourceCodeAccess
LogPluginManager: Mounting plugin CodeLiteSourceCodeAccess
LogPluginManager: Mounting plugin KDevelopSourceCodeAccess
LogPluginManager: Mounting plugin GitSourceControl
LogPluginManager: Mounting plugin PerforceSourceControl
LogPluginManager: Mounting plugin NullSourceCodeAccess
LogPluginManager: Mounting plugin PixWinPlugin
LogPluginManager: Mounting plugin PlasticSourceControl
LogPluginManager: Mounting plugin PluginUtils
LogPluginManager: Mounting plugin PropertyAccessNode
LogPluginManager: Mounting plugin OodleNetwork
LogPluginManager: Mounting plugin SubversionSourceControl
LogPluginManager: Mounting plugin TextureFormatOodle
LogPluginManager: Mounting plugin RiderSourceCodeAccess
LogPluginManager: Mounting plugin VisualStudioSourceCodeAccess
LogPluginManager: Mounting plugin VisualStudioCodeSourceCodeAccess
LogPluginManager: Mounting plugin XCodeSourceCodeAccess
LogPluginManager: Mounting plugin UObjectPlugin
LogPluginManager: Mounting plugin AssetManagerEditor
LogPluginManager: Mounting plugin CryptoKeys
LogPluginManager: Mounting plugin CurveEditorTools
LogPluginManager: Mounting plugin DataValidation
LogPluginManager: Mounting plugin FacialAnimation
LogPluginManager: Mounting plugin GeometryMode
LogPluginManager: Mounting plugin MacGraphicsSwitching
LogPluginManager: Mounting plugin MaterialAnalyzer
LogPluginManager: Mounting plugin PluginBrowser
LogPluginManager: Mounting plugin MobileLauncherProfileWizard
LogPluginManager: Mounting plugin SpeedTreeImporter
LogPluginManager: Mounting plugin GameplayTagsEditor
LogPluginManager: Mounting plugin Niagara
LogPluginManager: Mounting plugin DatasmithContent
LogPluginManager: Mounting plugin VariantManagerContent
LogPluginManager: Mounting plugin AlembicImporter
LogPluginManager: Mounting plugin AutomationUtils
LogPluginManager: Mounting plugin ChaosCloth
LogPluginManager: Mounting plugin BackChannel
LogPluginManager: Mounting plugin ChaosEditor
LogPluginManager: Mounting plugin ChaosClothEditor
LogPluginManager: Mounting plugin ChaosNiagara
LogPluginManager: Mounting plugin ChaosSolverPlugin
LogPluginManager: Mounting plugin CharacterAI
LogPluginManager: Mounting plugin LuminPlatformFeatures
LogPluginManager: Mounting plugin MagicLeap
LogPluginManager: Mounting plugin MagicLeapLightEstimation
LogPluginManager: Mounting plugin MagicLeapMedia
LogPluginManager: Mounting plugin MagicLeapPassableWorld
LogPluginManager: Mounting plugin MLSDK
LogPluginManager: Mounting plugin GeometryCache
LogPluginManager: Mounting plugin GeometryProcessing
LogPluginManager: Mounting plugin GeometryCollectionPlugin
LogPluginManager: Mounting plugin OpenImageDenoise
LogPluginManager: Mounting plugin PlanarCut
LogPluginManager: Mounting plugin MotoSynth
LogPluginManager: Mounting plugin PlatformCrypto
LogPluginManager: Mounting plugin PythonScriptPlugin
LogPluginManager: Mounting plugin ProxyLODPlugin
LogPluginManager: Mounting plugin SkeletalReduction
LogPluginManager: Mounting plugin AndroidMedia
LogPluginManager: Mounting plugin AvfMedia
LogPluginManager: Mounting plugin ImgMedia
LogPluginManager: Mounting plugin MediaCompositing
LogPluginManager: Mounting plugin MediaPlayerEditor
LogPluginManager: Mounting plugin WebMMedia
LogPluginManager: Mounting plugin LauncherChunkInstaller
LogPluginManager: Mounting plugin WmfMedia
LogPluginManager: Mounting plugin OnlineSubsystem
LogPluginManager: Mounting plugin OnlineSubsystemNull
LogPluginManager: Mounting plugin OnlineSubsystemUtils
LogPluginManager: Mounting plugin ActorSequence
LogPluginManager: Mounting plugin LevelSequenceEditor
LogPluginManager: Mounting plugin TemplateSequence
LogPluginManager: Mounting plugin MatineeToLevelSequence
LogPluginManager: Mounting plugin AndroidMoviePlayer
LogPluginManager: Mounting plugin AndroidDeviceProfileSelector
LogPluginManager: Mounting plugin ActorLayerUtilities
LogPluginManager: Mounting plugin AppleImageUtils
LogPluginManager: Mounting plugin ArchVisCharacter
LogPluginManager: Mounting plugin AssetTags
LogPluginManager: Mounting plugin AudioCapture
LogPluginManager: Mounting plugin AppleMoviePlayer
LogPluginManager: Mounting plugin AndroidPermission
LogPluginManager: Mounting plugin CableComponent
LogPluginManager: Mounting plugin AudioSynesthesia
LogPluginManager: Mounting plugin ChunkDownloader
LogPluginManager: Mounting plugin CustomMeshComponent
LogPluginManager: Mounting plugin ExampleDeviceProfileSelector
LogPluginManager: Mounting plugin EditableMesh
LogPluginManager: Mounting plugin TcpMessaging
LogPluginManager: Mounting plugin UdpMessaging
LogPluginManager: Mounting plugin GoogleCloudMessaging
LogPluginManager: Mounting plugin GooglePAD
LogPluginManager: Mounting plugin IOSDeviceProfileSelector
LogPluginManager: Mounting plugin LocationServicesBPLibrary
LogPluginManager: Mounting plugin LinuxDeviceProfileSelector
LogPluginManager: Mounting plugin MobilePatchingUtils
LogPluginManager: Mounting plugin OpenXR
LogPluginManager: Mounting plugin OpenXREyeTracker
LogPluginManager: Mounting plugin ScreenshotTools
LogPluginManager: Mounting plugin OpenXRHandTracking
LogPluginManager: Mounting plugin PostSplashScreen
LogPluginManager: Mounting plugin ProceduralMeshComponent
LogPluginManager: Mounting plugin PropertyAccessEditor
LogPluginManager: Mounting plugin PhysXVehicles
LogPluginManager: Mounting plugin SignificanceManager
LogPluginManager: Mounting plugin SoundFields
LogPluginManager: Mounting plugin Synthesis
LogPluginManager: Mounting plugin WebMMoviePlayer
LogPluginManager: Mounting plugin WindowsMoviePlayer
LogPluginManager: Mounting plugin RuntimePhysXCooking
LogPluginManager: Mounting plugin Takes
LogPluginManager: Mounting plugin ContentBrowserAssetDataSource
LogPluginManager: Mounting plugin ContentBrowserClassDataSource
LogPluginManager: Mounting plugin ContentBrowserFileDataSource
LogPluginManager: Mounting plugin OnlineSubsystemGooglePlay
LogPluginManager: Mounting plugin OnlineSubsystemIOS
LogPluginManager: Mounting plugin OculusVR
LogPluginManager: Mounting plugin SteamVR
PixWinPlugin: PIX capture plugin failed to initialize! Check that the process is launched from PIX.
LogInit: Using libcurl 7.55.1-DEV
LogInit:  - built for x86_64-pc-win32
LogInit:  - supports SSL with OpenSSL/1.1.1
LogInit:  - supports HTTP deflate (compression) using libz 1.2.8
LogInit:  - other features:
LogInit:      CURL_VERSION_SSL
LogInit:      CURL_VERSION_LIBZ
LogInit:      CURL_VERSION_IPV6
LogInit:      CURL_VERSION_ASYNCHDNS
LogInit:      CURL_VERSION_LARGEFILE
LogInit:      CURL_VERSION_IDN
LogInit:  CurlRequestOptions (configurable via config and command line):
LogInit:  - bVerifyPeer = true  - Libcurl will verify peer certificate
LogInit:  - bUseHttpProxy = false  - Libcurl will NOT use HTTP proxy
LogInit:  - bDontReuseConnections = false  - Libcurl will reuse connections
LogInit:  - MaxHostConnections = 16  - Libcurl will limit the number of connections to a host
LogInit:  - LocalHostAddr = Default
LogInit:  - BufferSize = 65536
LogOnline: OSS: Creating online subsystem instance for: NULL
LogInit: WinSock: version 1.1 (2.2), MaxSocks=32767, MaxUdp=65467
LogOnline: OSS: TryLoadSubsystemAndSetDefault: Loaded subsystem for module [NULL]
LogOculusPluginWrapper: OculusPlugin initialized successfully
LogHMD: Failed initializing OVRPlugin 1.59.0
LogInit: Build: ++UE4+Release-4.27-CL-18319896
LogInit: Engine Version: 4.27.2-18319896+++UE4+Release-4.27
LogInit: Compatible Engine Version: 4.27.0-17155196+++UE4+Release-4.27
LogInit: Net CL: 17155196
LogInit: OS: Windows 10 (Release 2009) (), CPU: 11th Gen Intel(R) Core(TM) i7-11800H @ 2.30GHz, GPU: Intel(R) UHD Graphics
LogInit: Compiled (64-bit): Nov 30 2021 07:12:08
LogInit: Compiled with Visual C++: 19.24.28315.00
LogInit: Build Configuration: Development
LogInit: Branch Name: ++UE4+Release-4.27
LogInit: Command Line: 
LogInit: Base Directory: C:/Program Files/Epic Games/UE_4.27/Engine/Binaries/Win64/
LogInit: Allocator: TBB
LogInit: Installed Engine Build: 1
LogDevObjectVersion: Number of dev versions registered: 29
LogDevObjectVersion:   Dev-Blueprints (B0D832E4-1F89-4F0D-ACCF-7EB736FD4AA2): 10
LogDevObjectVersion:   Dev-Build (E1C64328-A22C-4D53-A36C-8E866417BD8C): 0
LogDevObjectVersion:   Dev-Core (375EC13C-06E4-48FB-B500-84F0262A717E): 4
LogDevObjectVersion:   Dev-Editor (E4B068ED-F494-42E9-A231-DA0B2E46BB41): 40
LogDevObjectVersion:   Dev-Framework (CFFC743F-43B0-4480-9391-14DF171D2073): 37
LogDevObjectVersion:   Dev-Mobile (B02B49B5-BB20-44E9-A304-32B752E40360): 3
LogDevObjectVersion:   Dev-Networking (A4E4105C-59A1-49B5-A7C5-40C4547EDFEE): 0
LogDevObjectVersion:   Dev-Online (39C831C9-5AE6-47DC-9A44-9C173E1C8E7C): 0
LogDevObjectVersion:   Dev-Physics (78F01B33-EBEA-4F98-B9B4-84EACCB95AA2): 14
LogDevObjectVersion:   Dev-Platform (6631380F-2D4D-43E0-8009-CF276956A95A): 0
LogDevObjectVersion:   Dev-Rendering (12F88B9F-8875-4AFC-A67C-D90C383ABD29): 45
LogDevObjectVersion:   Dev-Sequencer (7B5AE74C-D270-4C10-A958-57980B212A5A): 13
LogDevObjectVersion:   Dev-VR (D7296918-1DD6-4BDD-9DE2-64A83CC13884): 3
LogDevObjectVersion:   Dev-LoadTimes (C2A15278-BFE7-4AFE-6C17-90FF531DF755): 1
LogDevObjectVersion:   Private-Geometry (6EACA3D4-40EC-4CC1-B786-8BED09428FC5): 3
LogDevObjectVersion:   Dev-AnimPhys (29E575DD-E0A3-4627-9D10-D276232CDCEA): 17
LogDevObjectVersion:   Dev-Anim (AF43A65D-7FD3-4947-9873-3E8ED9C1BB05): 15
LogDevObjectVersion:   Dev-ReflectionCapture (6B266CEC-1EC7-4B8F-A30B-E4D90942FC07): 1
LogDevObjectVersion:   Dev-Automation (0DF73D61-A23F-47EA-B727-89E90C41499A): 1
LogDevObjectVersion:   FortniteMain (601D1886-AC64-4F84-AA16-D3DE0DEAC7D6): 47
LogDevObjectVersion:   FortniteRelease (E7086368-6B23-4C58-8439-1B7016265E91): 1
LogDevObjectVersion:   Dev-Enterprise (9DFFBCD6-494F-0158-E221-12823C92A888): 10
LogDevObjectVersion:   Dev-Niagara (F2AED0AC-9AFE-416F-8664-AA7FFA26D6FC): 1
LogDevObjectVersion:   Dev-Destruction (174F1F0B-B4C6-45A5-B13F-2EE8D0FB917D): 10
LogDevObjectVersion:   Dev-Physics-Ext (35F94A83-E258-406C-A318-09F59610247C): 41
LogDevObjectVersion:   Dev-PhysicsMaterial-Chaos (B68FC16E-8B1B-42E2-B453-215C058844FE): 1
LogDevObjectVersion:   Dev-CineCamera (B2E18506-4273-CFC2-A54E-F4BB758BBA07): 1
LogDevObjectVersion:   Dev-VirtualProduction (64F58936-FD1B-42BA-BA96-7289D5D0FA4E): 1
LogDevObjectVersion:   Dev-MediaFramework (6F0ED827-A609-4895-9C91-998D90180EA4): 2
LogInit: Presizing for max 25165824 objects, including 0 objects not considered by GC, pre-allocating 0 bytes for permanent pool.
LogConfig: Applying CVar settings from Section [/Script/Engine.StreamingSettings] File [C:/Users/julas/OneDrive/Documents/Unreal Projects/MyProject3/Saved/Config/Windows/Engine.ini]
LogConfig: Setting CVar [[s.MinBulkDataSizeForAsyncLoading:131072]]
LogConfig: Setting CVar [[s.AsyncLoadingThreadEnabled:0]]
LogConfig: Setting CVar [[s.EventDrivenLoaderEnabled:1]]
LogConfig: Setting CVar [[s.WarnIfTimeLimitExceeded:0]]
LogConfig: Setting CVar [[s.TimeLimitExceededMultiplier:1.5]]
LogConfig: Setting CVar [[s.TimeLimitExceededMinTime:0.005]]
LogConfig: Setting CVar [[s.UseBackgroundLevelStreaming:1]]
LogConfig: Setting CVar [[s.PriorityAsyncLoadingExtraTime:15.0]]
LogConfig: Setting CVar [[s.LevelStreamingActorsUpdateTimeLimit:5.0]]
LogConfig: Setting CVar [[s.PriorityLevelStreamingActorsUpdateExtraTime:5.0]]
LogConfig: Setting CVar [[s.LevelStreamingComponentsRegistrationGranularity:10]]
LogConfig: Setting CVar [[s.UnregisterComponentsTimeLimit:1.0]]
LogConfig: Setting CVar [[s.LevelStreamingComponentsUnregistrationGranularity:5]]
LogConfig: Setting CVar [[s.FlushStreamingOnExit:1]]
LogInit: Object subsystem initialized
LogConfig: Setting CVar [[con.DebugEarlyDefault:1]]
LogConfig: Setting CVar [[r.setres:1280x720]]
[2024.12.17-15.25.50:599][  0]LogConfig: Setting CVar [[r.VSync:0]]
[2024.12.17-15.25.50:599][  0]LogConfig: Setting CVar [[r.RHICmdBypass:0]]
[2024.12.17-15.25.50:599][  0]LogConfig: Applying CVar settings from Section [/Script/Engine.RendererSettings] File [C:/Users/julas/OneDrive/Documents/Unreal Projects/MyProject3/Saved/Config/Windows/Engine.ini]
[2024.12.17-15.25.50:599][  0]LogConfig: Setting CVar [[r.GPUCrashDebugging:0]]
[2024.12.17-15.25.50:599][  0]LogConfig: Applying CVar settings from Section [/Script/Engine.RendererOverrideSettings] File [C:/Users/julas/OneDrive/Documents/Unreal Projects/MyProject3/Saved/Config/Windows/Engine.ini]
[2024.12.17-15.25.50:599][  0]LogConfig: Applying CVar settings from Section [/Script/Engine.StreamingSettings] File [C:/Users/julas/OneDrive/Documents/Unreal Projects/MyProject3/Saved/Config/Windows/Engine.ini]
[2024.12.17-15.25.50:599][  0]LogConfig: Setting CVar [[s.MinBulkDataSizeForAsyncLoading:131072]]
[2024.12.17-15.25.50:599][  0]LogConfig: Setting CVar [[s.AsyncLoadingThreadEnabled:0]]
[2024.12.17-15.25.50:599][  0]LogConfig: Setting CVar [[s.EventDrivenLoaderEnabled:1]]
[2024.12.17-15.25.50:599][  0]LogConfig: Setting CVar [[s.WarnIfTimeLimitExceeded:0]]
[2024.12.17-15.25.50:599][  0]LogConfig: Setting CVar [[s.TimeLimitExceededMultiplier:1.5]]
[2024.12.17-15.25.50:599][  0]LogConfig: Setting CVar [[s.TimeLimitExceededMinTime:0.005]]
[2024.12.17-15.25.50:599][  0]LogConfig: Setting CVar [[s.UseBackgroundLevelStreaming:1]]
[2024.12.17-15.25.50:599][  0]LogConfig: Setting CVar [[s.PriorityAsyncLoadingExtraTime:15.0]]
[2024.12.17-15.25.50:599][  0]LogConfig: Setting CVar [[s.LevelStreamingActorsUpdateTimeLimit:5.0]]
[2024.12.17-15.25.50:599][  0]LogConfig: Setting CVar [[s.PriorityLevelStreamingActorsUpdateExtraTime:5.0]]
[2024.12.17-15.25.50:599][  0]LogConfig: Setting CVar [[s.LevelStreamingComponentsRegistrationGranularity:10]]
[2024.12.17-15.25.50:599][  0]LogConfig: Setting CVar [[s.UnregisterComponentsTimeLimit:1.0]]
[2024.12.17-15.25.50:599][  0]LogConfig: Setting CVar [[s.LevelStreamingComponentsUnregistrationGranularity:5]]
[2024.12.17-15.25.50:599][  0]LogConfig: Setting CVar [[s.FlushStreamingOnExit:1]]
[2024.12.17-15.25.50:599][  0]LogConfig: Applying CVar settings from Section [/Script/Engine.GarbageCollectionSettings] File [C:/Users/julas/OneDrive/Documents/Unreal Projects/MyProject3/Saved/Config/Windows/Engine.ini]
[2024.12.17-15.25.50:599][  0]LogConfig: Setting CVar [[gc.MaxObjectsNotConsideredByGC:1]]
[2024.12.17-15.25.50:599][  0]LogConfig: Setting CVar [[gc.SizeOfPermanentObjectPool:0]]
[2024.12.17-15.25.50:599][  0]LogConfig: Setting CVar [[gc.FlushStreamingOnGC:0]]
[2024.12.17-15.25.50:599][  0]LogConfig: Setting CVar [[gc.NumRetriesBeforeForcingGC:10]]
[2024.12.17-15.25.50:599][  0]LogConfig: Setting CVar [[gc.AllowParallelGC:1]]
[2024.12.17-15.25.50:599][  0]LogConfig: Setting CVar [[gc.TimeBetweenPurgingPendingKillObjects:61.1]]
[2024.12.17-15.25.50:599][  0]LogConfig: Setting CVar [[gc.MaxObjectsInEditor:25165824]]
[2024.12.17-15.25.50:599][  0]LogConfig: Setting CVar [[gc.IncrementalBeginDestroyEnabled:1]]
[2024.12.17-15.25.50:600][  0]LogConfig: Setting CVar [[gc.CreateGCClusters:1]]
[2024.12.17-15.25.50:600][  0]LogConfig: Setting CVar [[gc.MinGCClusterSize:5]]
[2024.12.17-15.25.50:600][  0]LogConfig: Setting CVar [[gc.ActorClusteringEnabled:0]]
[2024.12.17-15.25.50:600][  0]LogConfig: Setting CVar [[gc.BlueprintClusteringEnabled:0]]
[2024.12.17-15.25.50:600][  0]LogConfig: Setting CVar [[gc.UseDisregardForGCOnDedicatedServers:0]]
[2024.12.17-15.25.50:600][  0]LogConfig: Setting CVar [[gc.MultithreadedDestructionEnabled:1]]
[2024.12.17-15.25.50:600][  0]LogConfig: Applying CVar settings from Section [/Script/Engine.NetworkSettings] File [C:/Users/julas/OneDrive/Documents/Unreal Projects/MyProject3/Saved/Config/Windows/Engine.ini]
[2024.12.17-15.25.50:600][  0]LogConfig: Applying CVar settings from Section [/Script/UnrealEd.CookerSettings] File [C:/Users/julas/OneDrive/Documents/Unreal Projects/MyProject3/Saved/Config/Windows/Engine.ini]
[2024.12.17-15.25.50:623][  0]LogConfig: Applying CVar settings from Section [ViewDistanceQuality@3] File [C:/Users/julas/OneDrive/Documents/Unreal Projects/MyProject3/Saved/Config/Windows/Scalability.ini]
[2024.12.17-15.25.50:623][  0]LogConfig: Setting CVar [[r.SkeletalMeshLODBias:0]]
[2024.12.17-15.25.50:623][  0]LogConfig: Setting CVar [[r.ViewDistanceScale:1.0]]
[2024.12.17-15.25.50:623][  0]LogConfig: Applying CVar settings from Section [AntiAliasingQuality@3] File [C:/Users/julas/OneDrive/Documents/Unreal Projects/MyProject3/Saved/Config/Windows/Scalability.ini]
[2024.12.17-15.25.50:623][  0]LogConfig: Setting CVar [[r.PostProcessAAQuality:4]]
[2024.12.17-15.25.50:623][  0]LogConfig: Applying CVar settings from Section [ShadowQuality@3] File [C:/Users/julas/OneDrive/Documents/Unreal Projects/MyProject3/Saved/Config/Windows/Scalability.ini]
[2024.12.17-15.25.50:623][  0]LogConfig: Setting CVar [[r.LightFunctionQuality:1]]
[2024.12.17-15.25.50:623][  0]LogConfig: Setting CVar [[r.ShadowQuality:5]]
[2024.12.17-15.25.50:623][  0]LogConfig: Setting CVar [[r.Shadow.CSM.MaxCascades:10]]
[2024.12.17-15.25.50:623][  0]LogConfig: Setting CVar [[r.Shadow.MaxResolution:2048]]
[2024.12.17-15.25.50:623][  0]LogConfig: Setting CVar [[r.Shadow.MaxCSMResolution:2048]]
[2024.12.17-15.25.50:623][  0]LogConfig: Setting CVar [[r.Shadow.RadiusThreshold:0.01]]
[2024.12.17-15.25.50:623][  0]LogConfig: Setting CVar [[r.Shadow.DistanceScale:1.0]]
[2024.12.17-15.25.50:623][  0]LogConfig: Setting CVar [[r.Shadow.CSM.TransitionScale:1.0]]
[2024.12.17-15.25.50:623][  0]LogConfig: Setting CVar [[r.Shadow.PreShadowResolutionFactor:1.0]]
[2024.12.17-15.25.50:623][  0]LogConfig: Setting CVar [[r.DistanceFieldShadowing:1]]
[2024.12.17-15.25.50:623][  0]LogConfig: Setting CVar [[r.DistanceFieldAO:1]]
[2024.12.17-15.25.50:623][  0]LogConfig: Setting CVar [[r.AOQuality:2]]
[2024.12.17-15.25.50:623][  0]LogConfig: Setting CVar [[r.VolumetricFog:1]]
[2024.12.17-15.25.50:623][  0]LogConfig: Setting CVar [[r.VolumetricFog.GridPixelSize:8]]
[2024.12.17-15.25.50:623][  0]LogConfig: Setting CVar [[r.VolumetricFog.GridSizeZ:128]]
[2024.12.17-15.25.50:623][  0]LogConfig: Setting CVar [[r.VolumetricFog.HistoryMissSupersampleCount:4]]
[2024.12.17-15.25.50:623][  0]LogConfig: Setting CVar [[r.LightMaxDrawDistanceScale:1]]
[2024.12.17-15.25.50:623][  0]LogConfig: Setting CVar [[r.CapsuleShadows:1]]
[2024.12.17-15.25.50:623][  0]LogConfig: Applying CVar settings from Section [PostProcessQuality@3] File [C:/Users/julas/OneDrive/Documents/Unreal Projects/MyProject3/Saved/Config/Windows/Scalability.ini]
[2024.12.17-15.25.50:623][  0]LogConfig: Setting CVar [[r.MotionBlurQuality:4]]
[2024.12.17-15.25.50:623][  0]LogConfig: Setting CVar [[r.AmbientOcclusionMipLevelFactor:0.4]]
[2024.12.17-15.25.50:623][  0]LogConfig: Setting CVar [[r.AmbientOcclusionMaxQuality:100]]
[2024.12.17-15.25.50:623][  0]LogConfig: Setting CVar [[r.AmbientOcclusionLevels:-1]]
[2024.12.17-15.25.50:623][  0]LogConfig: Setting CVar [[r.AmbientOcclusionRadiusScale:1.0]]
[2024.12.17-15.25.50:623][  0]LogConfig: Setting CVar [[r.DepthOfFieldQuality:2]]
[2024.12.17-15.25.50:623][  0]LogConfig: Setting CVar [[r.RenderTargetPoolMin:400]]
[2024.12.17-15.25.50:623][  0]LogConfig: Setting CVar [[r.LensFlareQuality:2]]
[2024.12.17-15.25.50:623][  0]LogConfig: Setting CVar [[r.SceneColorFringeQuality:1]]
[2024.12.17-15.25.50:623][  0]LogConfig: Setting CVar [[r.EyeAdaptationQuality:2]]
[2024.12.17-15.25.50:623][  0]LogConfig: Setting CVar [[r.BloomQuality:5]]
[2024.12.17-15.25.50:623][  0]LogConfig: Setting CVar [[r.FastBlurThreshold:100]]
[2024.12.17-15.25.50:623][  0]LogConfig: Setting CVar [[r.Upscale.Quality:3]]
[2024.12.17-15.25.50:623][  0]LogConfig: Setting CVar [[r.Tonemapper.GrainQuantization:1]]
[2024.12.17-15.25.50:623][  0]LogConfig: Setting CVar [[r.LightShaftQuality:1]]
[2024.12.17-15.25.50:623][  0]LogConfig: Setting CVar [[r.Filter.SizeScale:1]]
[2024.12.17-15.25.50:623][  0]LogConfig: Setting CVar [[r.Tonemapper.Quality:5]]
[2024.12.17-15.25.50:623][  0]LogConfig: Setting CVar [[r.DOF.Gather.AccumulatorQuality:1        ; higher gathering accumulator quality]]
[2024.12.17-15.25.50:623][  0]LogConfig: Setting CVar [[r.DOF.Gather.PostfilterMethod:1          ; Median3x3 postfilering method]]
[2024.12.17-15.25.50:623][  0]LogConfig: Setting CVar [[r.DOF.Gather.EnableBokehSettings:0       ; no bokeh simulation when gathering]]
[2024.12.17-15.25.50:623][  0]LogConfig: Setting CVar [[r.DOF.Gather.RingCount:4                 ; medium number of samples when gathering]]
[2024.12.17-15.25.50:623][  0]LogConfig: Setting CVar [[r.DOF.Scatter.ForegroundCompositing:1    ; additive foreground scattering]]
[2024.12.17-15.25.50:623][  0]LogConfig: Setting CVar [[r.DOF.Scatter.BackgroundCompositing:2    ; additive background scattering]]
[2024.12.17-15.25.50:623][  0]LogConfig: Setting CVar [[r.DOF.Scatter.EnableBokehSettings:1      ; bokeh simulation when scattering]]
[2024.12.17-15.25.50:623][  0]LogConfig: Setting CVar [[r.DOF.Scatter.MaxSpriteRatio:0.1         ; only a maximum of 10% of scattered bokeh]]
[2024.12.17-15.25.50:623][  0]LogConfig: Setting CVar [[r.DOF.Recombine.Quality:1                ; cheap slight out of focus]]
[2024.12.17-15.25.50:623][  0]LogConfig: Setting CVar [[r.DOF.Recombine.EnableBokehSettings:0    ; no bokeh simulation on slight out of focus]]
[2024.12.17-15.25.50:623][  0]LogConfig: Setting CVar [[r.DOF.TemporalAAQuality:1                ; more stable temporal accumulation]]
[2024.12.17-15.25.50:623][  0]LogConfig: Setting CVar [[r.DOF.Kernel.MaxForegroundRadius:0.025]]
[2024.12.17-15.25.50:623][  0]LogConfig: Setting CVar [[r.DOF.Kernel.MaxBackgroundRadius:0.025]]
[2024.12.17-15.25.50:623][  0]LogConfig: Applying CVar settings from Section [TextureQuality@3] File [C:/Users/julas/OneDrive/Documents/Unreal Projects/MyProject3/Saved/Config/Windows/Scalability.ini]
[2024.12.17-15.25.50:623][  0]LogConfig: Setting CVar [[r.Streaming.MipBias:0]]
[2024.12.17-15.25.50:623][  0]LogConfig: Setting CVar [[r.Streaming.AmortizeCPUToGPUCopy:0]]
[2024.12.17-15.25.50:623][  0]LogConfig: Setting CVar [[r.Streaming.MaxNumTexturesToStreamPerFrame:0]]
[2024.12.17-15.25.50:623][  0]LogConfig: Setting CVar [[r.Streaming.Boost:1]]
[2024.12.17-15.25.50:623][  0]LogConfig: Setting CVar [[r.MaxAnisotropy:8]]
[2024.12.17-15.25.50:623][  0]LogConfig: Setting CVar [[r.VT.MaxAnisotropy:8]]
[2024.12.17-15.25.50:623][  0]LogConfig: Setting CVar [[r.Streaming.LimitPoolSizeToVRAM:0]]
[2024.12.17-15.25.50:623][  0]LogConfig: Setting CVar [[r.Streaming.PoolSize:1000]]
[2024.12.17-15.25.50:623][  0]LogConfig: Setting CVar [[r.Streaming.MaxEffectiveScreenSize:0]]
[2024.12.17-15.25.50:623][  0]LogConfig: Applying CVar settings from Section [EffectsQuality@3] File [C:/Users/julas/OneDrive/Documents/Unreal Projects/MyProject3/Saved/Config/Windows/Scalability.ini]
[2024.12.17-15.25.50:623][  0]LogConfig: Setting CVar [[r.TranslucencyLightingVolumeDim:64]]
[2024.12.17-15.25.50:623][  0]LogConfig: Setting CVar [[r.RefractionQuality:2]]
[2024.12.17-15.25.50:623][  0]LogConfig: Setting CVar [[r.SSR.Quality:3]]
[2024.12.17-15.25.50:623][  0]LogConfig: Setting CVar [[r.SSR.HalfResSceneColor:0]]
[2024.12.17-15.25.50:623][  0]LogConfig: Setting CVar [[r.SceneColorFormat:4]]
[2024.12.17-15.25.50:623][  0]LogConfig: Setting CVar [[r.DetailMode:2]]
[2024.12.17-15.25.50:623][  0]LogConfig: Setting CVar [[r.TranslucencyVolumeBlur:1]]
[2024.12.17-15.25.50:623][  0]LogConfig: Setting CVar [[r.MaterialQualityLevel:1 ; High quality]]
[2024.12.17-15.25.50:623][  0]LogConfig: Setting CVar [[r.AnisotropicMaterials:1]]
[2024.12.17-15.25.50:623][  0]LogConfig: Setting CVar [[r.SSS.Scale:1]]
[2024.12.17-15.25.50:623][  0]LogConfig: Setting CVar [[r.SSS.SampleSet:2]]
[2024.12.17-15.25.50:623][  0]LogConfig: Setting CVar [[r.SSS.Quality:1]]
[2024.12.17-15.25.50:623][  0]LogConfig: Setting CVar [[r.SSS.HalfRes:0]]
[2024.12.17-15.25.50:623][  0]LogConfig: Setting CVar [[r.SSGI.Quality:3]]
[2024.12.17-15.25.50:623][  0]LogConfig: Setting CVar [[r.EmitterSpawnRateScale:1.0]]
[2024.12.17-15.25.50:623][  0]LogConfig: Setting CVar [[r.ParticleLightQuality:2]]
[2024.12.17-15.25.50:623][  0]LogConfig: Setting CVar [[r.SkyAtmosphere.AerialPerspectiveLUT.FastApplyOnOpaque:1 ; Always have FastSkyLUT 1 in this case to avoid wrong sky]]
[2024.12.17-15.25.50:623][  0]LogConfig: Setting CVar [[r.SkyAtmosphere.AerialPerspectiveLUT.SampleCountMaxPerSlice:4]]
[2024.12.17-15.25.50:623][  0]LogConfig: Setting CVar [[r.SkyAtmosphere.AerialPerspectiveLUT.DepthResolution:16.0]]
[2024.12.17-15.25.50:623][  0]LogConfig: Setting CVar [[r.SkyAtmosphere.FastSkyLUT:1]]
[2024.12.17-15.25.50:623][  0]LogConfig: Setting CVar [[r.SkyAtmosphere.FastSkyLUT.SampleCountMin:4.0]]
[2024.12.17-15.25.50:623][  0]LogConfig: Setting CVar [[r.SkyAtmosphere.FastSkyLUT.SampleCountMax:128.0]]
[2024.12.17-15.25.50:623][  0]LogConfig: Setting CVar [[r.SkyAtmosphere.SampleCountMin:4.0]]
[2024.12.17-15.25.50:623][  0]LogConfig: Setting CVar [[r.SkyAtmosphere.SampleCountMax:128.0]]
[2024.12.17-15.25.50:623][  0]LogConfig: Setting CVar [[r.SkyAtmosphere.TransmittanceLUT.UseSmallFormat:0]]
[2024.12.17-15.25.50:623][  0]LogConfig: Setting CVar [[r.SkyAtmosphere.TransmittanceLUT.SampleCount:10.0]]
[2024.12.17-15.25.50:623][  0]LogConfig: Setting CVar [[r.SkyAtmosphere.MultiScatteringLUT.SampleCount:15.0]]
[2024.12.17-15.25.50:623][  0]LogConfig: Setting CVar [[r.SkyLight.RealTimeReflectionCapture:1]]
[2024.12.17-15.25.50:623][  0]LogConfig: Applying CVar settings from Section [FoliageQuality@3] File [C:/Users/julas/OneDrive/Documents/Unreal Projects/MyProject3/Saved/Config/Windows/Scalability.ini]
[2024.12.17-15.25.50:623][  0]LogConfig: Setting CVar [[foliage.DensityScale:1.0]]
[2024.12.17-15.25.50:623][  0]LogConfig: Setting CVar [[grass.DensityScale:1.0]]
[2024.12.17-15.25.50:623][  0]LogConfig: Applying CVar settings from Section [ShadingQuality@3] File [C:/Users/julas/OneDrive/Documents/Unreal Projects/MyProject3/Saved/Config/Windows/Scalability.ini]
[2024.12.17-15.25.50:623][  0]LogConfig: Setting CVar [[r.HairStrands.SkyLighting.IntegrationType:2]]
[2024.12.17-15.25.50:623][  0]LogConfig: Setting CVar [[r.HairStrands.SkyAO.SampleCount:4]]
[2024.12.17-15.25.50:623][  0]LogConfig: Setting CVar [[r.HairStrands.Visibility.MSAA.SamplePerPixel:4]]
[2024.12.17-15.25.50:623][  0]LogInit: Selected Device Profile: [Windows]
[2024.12.17-15.25.50:623][  0]LogInit: Applying CVar settings loaded from the selected device profile: [Windows]
[2024.12.17-15.25.50:623][  0]LogHAL: Display: Platform has ~ 16 GB [16866881536 / 17179869184 / 16], which maps to Larger [LargestMinGB=32, LargerMinGB=12, DefaultMinGB=8, SmallerMinGB=6, SmallestMinGB=0)
[2024.12.17-15.25.50:624][  0]LogInit: Going up to parent DeviceProfile []
[2024.12.17-15.25.50:624][  0]LogConfig: Applying CVar settings from Section [ViewDistanceQuality@3] File [C:/Users/julas/OneDrive/Documents/Unreal Projects/MyProject3/Saved/Config/Windows/Scalability.ini]
[2024.12.17-15.25.50:624][  0]LogConfig: Setting CVar [[r.SkeletalMeshLODBias:0]]
[2024.12.17-15.25.50:624][  0]LogConfig: Setting CVar [[r.ViewDistanceScale:1.0]]
[2024.12.17-15.25.50:624][  0]LogConfig: Applying CVar settings from Section [AntiAliasingQuality@3] File [C:/Users/julas/OneDrive/Documents/Unreal Projects/MyProject3/Saved/Config/Windows/Scalability.ini]
[2024.12.17-15.25.50:624][  0]LogConfig: Setting CVar [[r.PostProcessAAQuality:4]]
[2024.12.17-15.25.50:624][  0]LogConfig: Applying CVar settings from Section [ShadowQuality@3] File [C:/Users/julas/OneDrive/Documents/Unreal Projects/MyProject3/Saved/Config/Windows/Scalability.ini]
[2024.12.17-15.25.50:624][  0]LogConfig: Setting CVar [[r.LightFunctionQuality:1]]
[2024.12.17-15.25.50:624][  0]LogConfig: Setting CVar [[r.ShadowQuality:5]]
[2024.12.17-15.25.50:624][  0]LogConfig: Setting CVar [[r.Shadow.CSM.MaxCascades:10]]
[2024.12.17-15.25.50:624][  0]LogConfig: Setting CVar [[r.Shadow.MaxResolution:2048]]
[2024.12.17-15.25.50:624][  0]LogConfig: Setting CVar [[r.Shadow.MaxCSMResolution:2048]]
[2024.12.17-15.25.50:624][  0]LogConfig: Setting CVar [[r.Shadow.RadiusThreshold:0.01]]
[2024.12.17-15.25.50:624][  0]LogConfig: Setting CVar [[r.Shadow.DistanceScale:1.0]]
[2024.12.17-15.25.50:624][  0]LogConfig: Setting CVar [[r.Shadow.CSM.TransitionScale:1.0]]
[2024.12.17-15.25.50:624][  0]LogConfig: Setting CVar [[r.Shadow.PreShadowResolutionFactor:1.0]]
[2024.12.17-15.25.50:624][  0]LogConfig: Setting CVar [[r.DistanceFieldShadowing:1]]
[2024.12.17-15.25.50:624][  0]LogConfig: Setting CVar [[r.DistanceFieldAO:1]]
[2024.12.17-15.25.50:624][  0]LogConfig: Setting CVar [[r.AOQuality:2]]
[2024.12.17-15.25.50:624][  0]LogConfig: Setting CVar [[r.VolumetricFog:1]]
[2024.12.17-15.25.50:624][  0]LogConfig: Setting CVar [[r.VolumetricFog.GridPixelSize:8]]
[2024.12.17-15.25.50:624][  0]LogConfig: Setting CVar [[r.VolumetricFog.GridSizeZ:128]]
[2024.12.17-15.25.50:624][  0]LogConfig: Setting CVar [[r.VolumetricFog.HistoryMissSupersampleCount:4]]
[2024.12.17-15.25.50:624][  0]LogConfig: Setting CVar [[r.LightMaxDrawDistanceScale:1]]
[2024.12.17-15.25.50:624][  0]LogConfig: Setting CVar [[r.CapsuleShadows:1]]
[2024.12.17-15.25.50:624][  0]LogConfig: Applying CVar settings from Section [PostProcessQuality@3] File [C:/Users/julas/OneDrive/Documents/Unreal Projects/MyProject3/Saved/Config/Windows/Scalability.ini]
[2024.12.17-15.25.50:624][  0]LogConfig: Setting CVar [[r.MotionBlurQuality:4]]
[2024.12.17-15.25.50:624][  0]LogConfig: Setting CVar [[r.AmbientOcclusionMipLevelFactor:0.4]]
[2024.12.17-15.25.50:624][  0]LogConfig: Setting CVar [[r.AmbientOcclusionMaxQuality:100]]
[2024.12.17-15.25.50:624][  0]LogConfig: Setting CVar [[r.AmbientOcclusionLevels:-1]]
[2024.12.17-15.25.50:624][  0]LogConfig: Setting CVar [[r.AmbientOcclusionRadiusScale:1.0]]
[2024.12.17-15.25.50:624][  0]LogConfig: Setting CVar [[r.DepthOfFieldQuality:2]]
[2024.12.17-15.25.50:624][  0]LogConfig: Setting CVar [[r.RenderTargetPoolMin:400]]
[2024.12.17-15.25.50:624][  0]LogConfig: Setting CVar [[r.LensFlareQuality:2]]
[2024.12.17-15.25.50:624][  0]LogConfig: Setting CVar [[r.SceneColorFringeQuality:1]]
[2024.12.17-15.25.50:624][  0]LogConfig: Setting CVar [[r.EyeAdaptationQuality:2]]
[2024.12.17-15.25.50:624][  0]LogConfig: Setting CVar [[r.BloomQuality:5]]
[2024.12.17-15.25.50:624][  0]LogConfig: Setting CVar [[r.FastBlurThreshold:100]]
[2024.12.17-15.25.50:624][  0]LogConfig: Setting CVar [[r.Upscale.Quality:3]]
[2024.12.17-15.25.50:624][  0]LogConfig: Setting CVar [[r.Tonemapper.GrainQuantization:1]]
[2024.12.17-15.25.50:624][  0]LogConfig: Setting CVar [[r.LightShaftQuality:1]]
[2024.12.17-15.25.50:624][  0]LogConfig: Setting CVar [[r.Filter.SizeScale:1]]
[2024.12.17-15.25.50:624][  0]LogConfig: Setting CVar [[r.Tonemapper.Quality:5]]
[2024.12.17-15.25.50:624][  0]LogConfig: Setting CVar [[r.DOF.Gather.AccumulatorQuality:1        ; higher gathering accumulator quality]]
[2024.12.17-15.25.50:624][  0]LogConfig: Setting CVar [[r.DOF.Gather.PostfilterMethod:1          ; Median3x3 postfilering method]]
[2024.12.17-15.25.50:624][  0]LogConfig: Setting CVar [[r.DOF.Gather.EnableBokehSettings:0       ; no bokeh simulation when gathering]]
[2024.12.17-15.25.50:624][  0]LogConfig: Setting CVar [[r.DOF.Gather.RingCount:4                 ; medium number of samples when gathering]]
[2024.12.17-15.25.50:624][  0]LogConfig: Setting CVar [[r.DOF.Scatter.ForegroundCompositing:1    ; additive foreground scattering]]
[2024.12.17-15.25.50:624][  0]LogConfig: Setting CVar [[r.DOF.Scatter.BackgroundCompositing:2    ; additive background scattering]]
[2024.12.17-15.25.50:624][  0]LogConfig: Setting CVar [[r.DOF.Scatter.EnableBokehSettings:1      ; bokeh simulation when scattering]]
[2024.12.17-15.25.50:624][  0]LogConfig: Setting CVar [[r.DOF.Scatter.MaxSpriteRatio:0.1         ; only a maximum of 10% of scattered bokeh]]
[2024.12.17-15.25.50:624][  0]LogConfig: Setting CVar [[r.DOF.Recombine.Quality:1                ; cheap slight out of focus]]
[2024.12.17-15.25.50:624][  0]LogConfig: Setting CVar [[r.DOF.Recombine.EnableBokehSettings:0    ; no bokeh simulation on slight out of focus]]
[2024.12.17-15.25.50:624][  0]LogConfig: Setting CVar [[r.DOF.TemporalAAQuality:1                ; more stable temporal accumulation]]
[2024.12.17-15.25.50:624][  0]LogConfig: Setting CVar [[r.DOF.Kernel.MaxForegroundRadius:0.025]]
[2024.12.17-15.25.50:624][  0]LogConfig: Setting CVar [[r.DOF.Kernel.MaxBackgroundRadius:0.025]]
[2024.12.17-15.25.50:624][  0]LogConfig: Applying CVar settings from Section [TextureQuality@3] File [C:/Users/julas/OneDrive/Documents/Unreal Projects/MyProject3/Saved/Config/Windows/Scalability.ini]
[2024.12.17-15.25.50:624][  0]LogConfig: Setting CVar [[r.Streaming.MipBias:0]]
[2024.12.17-15.25.50:624][  0]LogConfig: Setting CVar [[r.Streaming.AmortizeCPUToGPUCopy:0]]
[2024.12.17-15.25.50:624][  0]LogConfig: Setting CVar [[r.Streaming.MaxNumTexturesToStreamPerFrame:0]]
[2024.12.17-15.25.50:624][  0]LogConfig: Setting CVar [[r.Streaming.Boost:1]]
[2024.12.17-15.25.50:624][  0]LogConfig: Setting CVar [[r.MaxAnisotropy:8]]
[2024.12.17-15.25.50:624][  0]LogConfig: Setting CVar [[r.VT.MaxAnisotropy:8]]
[2024.12.17-15.25.50:624][  0]LogConfig: Setting CVar [[r.Streaming.LimitPoolSizeToVRAM:0]]
[2024.12.17-15.25.50:624][  0]LogConfig: Setting CVar [[r.Streaming.PoolSize:1000]]
[2024.12.17-15.25.50:624][  0]LogConfig: Setting CVar [[r.Streaming.MaxEffectiveScreenSize:0]]
[2024.12.17-15.25.50:624][  0]LogConfig: Applying CVar settings from Section [EffectsQuality@3] File [C:/Users/julas/OneDrive/Documents/Unreal Projects/MyProject3/Saved/Config/Windows/Scalability.ini]
[2024.12.17-15.25.50:624][  0]LogConfig: Setting CVar [[r.TranslucencyLightingVolumeDim:64]]
[2024.12.17-15.25.50:624][  0]LogConfig: Setting CVar [[r.RefractionQuality:2]]
[2024.12.17-15.25.50:624][  0]LogConfig: Setting CVar [[r.SSR.Quality:3]]
[2024.12.17-15.25.50:624][  0]LogConfig: Setting CVar [[r.SSR.HalfResSceneColor:0]]
[2024.12.17-15.25.50:624][  0]LogConfig: Setting CVar [[r.SceneColorFormat:4]]
[2024.12.17-15.25.50:624][  0]LogConfig: Setting CVar [[r.DetailMode:2]]
[2024.12.17-15.25.50:624][  0]LogConfig: Setting CVar [[r.TranslucencyVolumeBlur:1]]
[2024.12.17-15.25.50:624][  0]LogConfig: Setting CVar [[r.MaterialQualityLevel:1 ; High quality]]
[2024.12.17-15.25.50:624][  0]LogConfig: Setting CVar [[r.AnisotropicMaterials:1]]
[2024.12.17-15.25.50:624][  0]LogConfig: Setting CVar [[r.SSS.Scale:1]]
[2024.12.17-15.25.50:624][  0]LogConfig: Setting CVar [[r.SSS.SampleSet:2]]
[2024.12.17-15.25.50:624][  0]LogConfig: Setting CVar [[r.SSS.Quality:1]]
[2024.12.17-15.25.50:624][  0]LogConfig: Setting CVar [[r.SSS.HalfRes:0]]
[2024.12.17-15.25.50:624][  0]LogConfig: Setting CVar [[r.SSGI.Quality:3]]
[2024.12.17-15.25.50:624][  0]LogConfig: Setting CVar [[r.EmitterSpawnRateScale:1.0]]
[2024.12.17-15.25.50:624][  0]LogConfig: Setting CVar [[r.ParticleLightQuality:2]]
[2024.12.17-15.25.50:624][  0]LogConfig: Setting CVar [[r.SkyAtmosphere.AerialPerspectiveLUT.FastApplyOnOpaque:1 ; Always have FastSkyLUT 1 in this case to avoid wrong sky]]
[2024.12.17-15.25.50:624][  0]LogConfig: Setting CVar [[r.SkyAtmosphere.AerialPerspectiveLUT.SampleCountMaxPerSlice:4]]
[2024.12.17-15.25.50:624][  0]LogConfig: Setting CVar [[r.SkyAtmosphere.AerialPerspectiveLUT.DepthResolution:16.0]]
[2024.12.17-15.25.50:624][  0]LogConfig: Setting CVar [[r.SkyAtmosphere.FastSkyLUT:1]]
[2024.12.17-15.25.50:624][  0]LogConfig: Setting CVar [[r.SkyAtmosphere.FastSkyLUT.SampleCountMin:4.0]]
[2024.12.17-15.25.50:624][  0]LogConfig: Setting CVar [[r.SkyAtmosphere.FastSkyLUT.SampleCountMax:128.0]]
[2024.12.17-15.25.50:624][  0]LogConfig: Setting CVar [[r.SkyAtmosphere.SampleCountMin:4.0]]
[2024.12.17-15.25.50:624][  0]LogConfig: Setting CVar [[r.SkyAtmosphere.SampleCountMax:128.0]]
[2024.12.17-15.25.50:624][  0]LogConfig: Setting CVar [[r.SkyAtmosphere.TransmittanceLUT.UseSmallFormat:0]]
[2024.12.17-15.25.50:624][  0]LogConfig: Setting CVar [[r.SkyAtmosphere.TransmittanceLUT.SampleCount:10.0]]
[2024.12.17-15.25.50:624][  0]LogConfig: Setting CVar [[r.SkyAtmosphere.MultiScatteringLUT.SampleCount:15.0]]
[2024.12.17-15.25.50:624][  0]LogConfig: Setting CVar [[r.SkyLight.RealTimeReflectionCapture:1]]
[2024.12.17-15.25.50:624][  0]LogConfig: Applying CVar settings from Section [FoliageQuality@3] File [C:/Users/julas/OneDrive/Documents/Unreal Projects/MyProject3/Saved/Config/Windows/Scalability.ini]
[2024.12.17-15.25.50:624][  0]LogConfig: Setting CVar [[foliage.DensityScale:1.0]]
[2024.12.17-15.25.50:624][  0]LogConfig: Setting CVar [[grass.DensityScale:1.0]]
[2024.12.17-15.25.50:624][  0]LogConfig: Applying CVar settings from Section [ShadingQuality@3] File [C:/Users/julas/OneDrive/Documents/Unreal Projects/MyProject3/Saved/Config/Windows/Scalability.ini]
[2024.12.17-15.25.50:624][  0]LogConfig: Setting CVar [[r.HairStrands.SkyLighting.IntegrationType:2]]
[2024.12.17-15.25.50:624][  0]LogConfig: Setting CVar [[r.HairStrands.SkyAO.SampleCount:4]]
[2024.12.17-15.25.50:624][  0]LogConfig: Setting CVar [[r.HairStrands.Visibility.MSAA.SamplePerPixel:4]]
[2024.12.17-15.25.50:624][  0]LogConfig: Applying CVar settings from Section [Startup] File [../../../Engine/Config/ConsoleVariables.ini]
[2024.12.17-15.25.50:625][  0]LogConfig: Setting CVar [[net.UseAdaptiveNetUpdateFrequency:0]]
[2024.12.17-15.25.50:625][  0]LogConfig: Setting CVar [[p.chaos.AllowCreatePhysxBodies:1]]
[2024.12.17-15.25.50:625][  0]LogConfig: Setting CVar [[fx.SkipVectorVMBackendOptimizations:1]]
[2024.12.17-15.25.50:625][  0]LogConfig: Applying CVar settings from Section [ConsoleVariables] File [C:/Users/julas/OneDrive/Documents/Unreal Projects/MyProject3/Saved/Config/Windows/Engine.ini]
[2024.12.17-15.25.50:625][  0]LogConfig: Applying CVar settings from Section [ConsoleVariables] File [C:/Users/julas/OneDrive/Documents/Unreal Projects/MyProject3/Saved/Config/Windows/Editor.ini]
[2024.12.17-15.25.50:625][  0]LogInit: Computer: JUL
[2024.12.17-15.25.50:625][  0]LogInit: User: julas
[2024.12.17-15.25.50:625][  0]LogInit: CPU Page size=4096, Cores=8
[2024.12.17-15.25.50:625][  0]LogInit: High frequency timer resolution =10.000000 MHz
[2024.12.17-15.25.50:625][  0]LogMemory: Memory total: Physical=15.7GB (16GB approx)
[2024.12.17-15.25.50:625][  0]LogMemory: Platform Memory Stats for Windows
[2024.12.17-15.25.50:625][  0]LogMemory: Process Physical Memory: 146.73 MB used, 146.73 MB peak
[2024.12.17-15.25.50:625][  0]LogMemory: Process Virtual Memory: 129.52 MB used, 129.52 MB peak
[2024.12.17-15.25.50:625][  0]LogMemory: Physical Memory: 12440.93 MB used,  3644.58 MB free, 16085.51 MB total
[2024.12.17-15.25.50:625][  0]LogMemory: Virtual Memory: 134214856.00 MB used,  2873.91 MB free, 134217728.00 MB total
[2024.12.17-15.25.50:629][  0]LogWindows: WindowsPlatformFeatures enabled
[2024.12.17-15.25.50:665][  0]LogInit: Physics initialised using underlying interface: PhysX
[2024.12.17-15.25.50:666][  0]LogInit: Using OS detected language (en-GB).
[2024.12.17-15.25.50:666][  0]LogInit: Using OS detected locale (en-GB).
[2024.12.17-15.25.50:669][  0]LogTextLocalizationManager: No specific localization for 'en-GB' exists, so the 'en' localization will be used.
[2024.12.17-15.25.50:825][  0]LogInit: Setting process to per monitor DPI aware
[2024.12.17-15.25.50:839][  0]LogWindowsTextInputMethodSystem: Display: IME system deactivated.
[2024.12.17-15.25.50:849][  0]LogSlate: New Slate User Created.  User Index 0, Is Virtual User: 0
[2024.12.17-15.25.50:849][  0]LogSlate: Slate User Registered.  User Index 0, Is Virtual User: 0
[2024.12.17-15.25.50:972][  0]LogD3D11RHI: Loaded GFSDK_Aftermath_Lib.x64.dll
[2024.12.17-15.25.51:003][  0]LogHMD: Failed to initialize OpenVR with code 110
[2024.12.17-15.25.51:003][  0]LogD3D11RHI: D3D11 min allowed feature level: 11_0
[2024.12.17-15.25.51:003][  0]LogD3D11RHI: D3D11 max allowed feature level: 11_0
[2024.12.17-15.25.51:003][  0]LogD3D11RHI: D3D11 adapters:
[2024.12.17-15.25.51:124][  0]LogD3D11RHI:    0. 'NVIDIA GeForce RTX 3050 Ti Laptop GPU' (Feature Level 11_0)
[2024.12.17-15.25.51:124][  0]LogD3D11RHI:       3965/0/8042 MB DedicatedVideo/DedicatedSystem/SharedSystem, Outputs:2, VendorId:0x10de
[2024.12.17-15.25.51:186][  0]LogD3D11RHI:    1. 'Intel(R) UHD Graphics' (Feature Level 11_0)
[2024.12.17-15.25.51:186][  0]LogD3D11RHI:       128/0/8042 MB DedicatedVideo/DedicatedSystem/SharedSystem, Outputs:0, VendorId:0x8086
[2024.12.17-15.25.51:187][  0]LogD3D11RHI:    2. 'Microsoft Basic Render Driver' (Feature Level 11_0)
[2024.12.17-15.25.51:187][  0]LogD3D11RHI:       0/0/8042 MB DedicatedVideo/DedicatedSystem/SharedSystem, Outputs:0, VendorId:0x1414
[2024.12.17-15.25.51:187][  0]LogD3D11RHI: Chosen D3D11 Adapter:
[2024.12.17-15.25.51:187][  0]LogD3D11RHI:     Description : NVIDIA GeForce RTX 3050 Ti Laptop GPU
[2024.12.17-15.25.51:187][  0]LogD3D11RHI:     VendorId    : 10de
[2024.12.17-15.25.51:187][  0]LogD3D11RHI:     DeviceId    : 25a0
[2024.12.17-15.25.51:187][  0]LogD3D11RHI:     SubSysId    : 132e1462
[2024.12.17-15.25.51:187][  0]LogD3D11RHI:     Revision    : 00a1
[2024.12.17-15.25.51:187][  0]LogD3D11RHI:     DedicatedVideoMemory : 4157603840 bytes
[2024.12.17-15.25.51:187][  0]LogD3D11RHI:     DedicatedSystemMemory : 0 bytes
[2024.12.17-15.25.51:187][  0]LogD3D11RHI:     SharedSystemMemory : 8433440768 bytes
[2024.12.17-15.25.51:187][  0]LogD3D11RHI:     AdapterLuid : 0 60004
[2024.12.17-15.25.51:196][  0]LogD3D11RHI: Creating new Direct3DDevice
[2024.12.17-15.25.51:196][  0]LogD3D11RHI:     GPU DeviceId: 0x25a0 (for the marketing name, search the web for "GPU Device Id")
[2024.12.17-15.25.51:196][  0]LogWindows: EnumDisplayDevices:
[2024.12.17-15.25.51:196][  0]LogWindows:    0. 'Intel(R) UHD Graphics' (P:0 D:1)
[2024.12.17-15.25.51:196][  0]LogWindows:    1. 'Intel(R) UHD Graphics' (P:1 D:1)
[2024.12.17-15.25.51:196][  0]LogWindows:    2. 'Intel(R) UHD Graphics' (P:0 D:0)
[2024.12.17-15.25.51:196][  0]LogWindows:    3. 'Intel(R) UHD Graphics' (P:0 D:0)
[2024.12.17-15.25.51:196][  0]LogWindows: DebugString: PrimaryIsNotTheChoosenAdapter PrimaryIsNotTheChoosenAdapter PrimaryIsNotTheChoosenAdapter PrimaryIsNotTheChoosenAdapter FoundDriverCount:0 
[2024.12.17-15.25.51:196][  0]LogD3D11RHI:     Adapter Name: NVIDIA GeForce RTX 3050 Ti Laptop GPU
[2024.12.17-15.25.51:196][  0]LogD3D11RHI:   Driver Version: Unknown (internal:Unknown, unified:Unknown)
[2024.12.17-15.25.51:196][  0]LogD3D11RHI:      Driver Date: Unknown
[2024.12.17-15.25.51:196][  0]LogRHI: Texture pool is 2775 MB (70% of 3965 MB)
[2024.12.17-15.25.51:196][  0]LogD3D11RHI: Creating D3DDevice using adapter:
[2024.12.17-15.25.51:196][  0]LogD3D11RHI:     Description : NVIDIA GeForce RTX 3050 Ti Laptop GPU
[2024.12.17-15.25.51:196][  0]LogD3D11RHI:     VendorId    : 10de
[2024.12.17-15.25.51:196][  0]LogD3D11RHI:     DeviceId    : 25a0
[2024.12.17-15.25.51:196][  0]LogD3D11RHI:     SubSysId    : 132e1462
[2024.12.17-15.25.51:196][  0]LogD3D11RHI:     Revision    : 00a1
[2024.12.17-15.25.51:196][  0]LogD3D11RHI:     DedicatedVideoMemory : 4157603840 bytes
[2024.12.17-15.25.51:196][  0]LogD3D11RHI:     DedicatedSystemMemory : 0 bytes
[2024.12.17-15.25.51:196][  0]LogD3D11RHI:     SharedSystemMemory : 8433440768 bytes
[2024.12.17-15.25.51:196][  0]LogD3D11RHI:     AdapterLuid : 0 60004
[2024.12.17-15.25.51:262][  0]LogD3D11RHI: RHI has support for 64 bit atomics
[2024.12.17-15.25.51:262][  0]LogD3D11RHI: Async texture creation enabled
[2024.12.17-15.25.51:262][  0]LogD3D11RHI: Array index from any shader is supported
[2024.12.17-15.25.51:285][  0]LogD3D11RHI: GPU Timing Frequency: 1000.000000 (Debug: 2 2)
[2024.12.17-15.25.51:305][  0]LogRHI: GeForceNow SDK initialized: 1
[2024.12.17-15.25.51:554][  0]LogTargetPlatformManager: Display: Loaded TargetPlatform 'AllDesktop'
[2024.12.17-15.25.51:572][  0]LogTargetPlatformManager: Display: Loaded TargetPlatform 'Android'
[2024.12.17-15.25.51:572][  0]LogTargetPlatformManager: Display: Loaded TargetPlatform 'Android_ASTC'
[2024.12.17-15.25.51:572][  0]LogTargetPlatformManager: Display: Loaded TargetPlatform 'Android_DXT'
[2024.12.17-15.25.51:572][  0]LogTargetPlatformManager: Display: Loaded TargetPlatform 'Android_ETC2'
[2024.12.17-15.25.51:572][  0]LogTargetPlatformManager: Display: Loaded TargetPlatform 'AndroidClient'
[2024.12.17-15.25.51:572][  0]LogTargetPlatformManager: Display: Loaded TargetPlatform 'Android_ASTCClient'
[2024.12.17-15.25.51:572][  0]LogTargetPlatformManager: Display: Loaded TargetPlatform 'Android_DXTClient'
[2024.12.17-15.25.51:572][  0]LogTargetPlatformManager: Display: Loaded TargetPlatform 'Android_ETC2Client'
[2024.12.17-15.25.51:572][  0]LogTargetPlatformManager: Display: Loaded TargetPlatform 'Android_Multi'
[2024.12.17-15.25.51:572][  0]LogTargetPlatformManager: Display: Loaded TargetPlatform 'Android_MultiClient'
[2024.12.17-15.25.51:589][  0]LogTargetPlatformManager: Display: Loaded TargetPlatform 'IOSClient'
[2024.12.17-15.25.51:589][  0]LogTargetPlatformManager: Display: Loaded TargetPlatform 'IOS'
[2024.12.17-15.25.51:597][  0]LogTargetPlatformManager: Display: Loaded TargetPlatform 'Linux'
[2024.12.17-15.25.51:601][  0]LogTargetPlatformManager: Display: Loaded TargetPlatform 'LinuxNoEditor'
[2024.12.17-15.25.51:605][  0]LogTargetPlatformManager: Display: Loaded TargetPlatform 'LinuxClient'
[2024.12.17-15.25.51:609][  0]LogTargetPlatformManager: Display: Loaded TargetPlatform 'LinuxServer'
[2024.12.17-15.25.51:616][  0]LogTargetPlatformManager: Display: Loaded TargetPlatform 'LinuxAArch64NoEditor'
[2024.12.17-15.25.51:620][  0]LogTargetPlatformManager: Display: Loaded TargetPlatform 'LinuxAArch64Client'
[2024.12.17-15.25.51:623][  0]LogTargetPlatformManager: Display: Loaded TargetPlatform 'LinuxAArch64Server'
[2024.12.17-15.25.51:642][  0]LogTargetPlatformManager: Display: Loaded TargetPlatform 'Lumin'
[2024.12.17-15.25.51:642][  0]LogTargetPlatformManager: Display: Loaded TargetPlatform 'LuminClient'
[2024.12.17-15.25.51:649][  0]LogTargetPlatformManager: Display: Loaded TargetPlatform 'MacNoEditor'
[2024.12.17-15.25.51:653][  0]LogTargetPlatformManager: Display: Loaded TargetPlatform 'Mac'
[2024.12.17-15.25.51:657][  0]LogTargetPlatformManager: Display: Loaded TargetPlatform 'MacClient'
[2024.12.17-15.25.51:660][  0]LogTargetPlatformManager: Display: Loaded TargetPlatform 'MacServer'
[2024.12.17-15.25.51:669][  0]LogTargetPlatformManager: Display: Loaded TargetPlatform 'TVOSClient'
[2024.12.17-15.25.51:669][  0]LogTargetPlatformManager: Display: Loaded TargetPlatform 'TVOS'
[2024.12.17-15.25.51:676][  0]LogTargetPlatformManager: Display: Loaded TargetPlatform 'WindowsNoEditor'
[2024.12.17-15.25.51:680][  0]LogTargetPlatformManager: Display: Loaded TargetPlatform 'Windows'
[2024.12.17-15.25.51:684][  0]LogTargetPlatformManager: Display: Loaded TargetPlatform 'WindowsClient'
[2024.12.17-15.25.51:688][  0]LogTargetPlatformManager: Display: Loaded TargetPlatform 'WindowsServer'
[2024.12.17-15.25.51:688][  0]LogTargetPlatformManager: Display: Building Assets For Windows
[2024.12.17-15.25.51:695][  0]LogAudioDebug: Display: Lib vorbis DLL was dynamically loaded.
[2024.12.17-15.25.51:726][  0]LogTextureFormatOodle: Display: Oodle Texture 2.9.0 init RDO Off
[2024.12.17-15.25.51:766][  0]LogRendererCore: Ray tracing is disabled. Reason: r.RayTracing=0.
[2024.12.17-15.25.51:766][  0]LogShaderCompilers: Guid format shader working directory is -30 characters bigger than the processId version (../../../../../../Users/julas/OneDrive/Documents/Unreal Projects/MyProject3/Intermediate/Shaders/WorkingDirectory/20088/).
[2024.12.17-15.25.51:766][  0]LogShaderCompilers: Cleaned the shader compiler working directory 'C:/Users/julas/AppData/Local/Temp/UnrealShaderWorkingDir/C3F14E004E758C8C7522A2BA01CD8A8C/'.
[2024.12.17-15.25.51:768][  0]LogXGEController: Cannot use XGE Controller as Incredibuild is not installed on this machine.
[2024.12.17-15.25.51:768][  0]LogShaderCompilers: Cannot use XGE Shader Compiler as Incredibuild is not installed on this machine.
[2024.12.17-15.25.51:768][  0]LogShaderCompilers: Display: Using Local Shader Compiler.
[2024.12.17-15.25.52:429][  0]LogDerivedDataCache: Display: Max Cache Size: 512 MB
[2024.12.17-15.25.52:508][  0]LogDerivedDataCache: Loaded boot cache 0.08s 94MB C:/Users/julas/AppData/Local/UnrealEngine/4.27/DerivedDataCache/Boot.ddc.
[2024.12.17-15.25.52:508][  0]LogDerivedDataCache: Display: Loaded Boot cache: C:/Users/julas/AppData/Local/UnrealEngine/4.27/DerivedDataCache/Boot.ddc
[2024.12.17-15.25.52:508][  0]LogDerivedDataCache: FDerivedDataBackendGraph:  Pak pak cache file ../../../../../../Users/julas/OneDrive/Documents/Unreal Projects/MyProject3/DerivedDataCache/DDC.ddp not found, will not use a pak cache.
[2024.12.17-15.25.52:508][  0]LogDerivedDataCache: Unable to find inner node Pak for hierarchical cache Hierarchy.
[2024.12.17-15.25.52:508][  0]LogDerivedDataCache: FDerivedDataBackendGraph:  CompressedPak pak cache file ../../../../../../Users/julas/OneDrive/Documents/Unreal Projects/MyProject3/DerivedDataCache/Compressed.ddp not found, will not use a pak cache.
[2024.12.17-15.25.52:508][  0]LogDerivedDataCache: Unable to find inner node CompressedPak for hierarchical cache Hierarchy.
[2024.12.17-15.25.52:525][  0]LogDerivedDataCache: Display: Pak cache opened for reading ../../../Engine/DerivedDataCache/Compressed.ddp.
[2024.12.17-15.25.52:525][  0]LogDerivedDataCache: FDerivedDataBackendGraph:  EnterprisePak pak cache file ../../../Enterprise/DerivedDataCache/Compressed.ddp not found, will not use a pak cache.
[2024.12.17-15.25.52:525][  0]LogDerivedDataCache: Unable to find inner node EnterprisePak for hierarchical cache Hierarchy.
[2024.12.17-15.25.52:534][  0]LogDerivedDataCache: Speed tests for C:/Users/julas/AppData/Local/UnrealEngine/Common/DerivedDataCache took 0.01 seconds
[2024.12.17-15.25.52:534][  0]LogDerivedDataCache: Display: Performance to C:/Users/julas/AppData/Local/UnrealEngine/Common/DerivedDataCache: Latency=0.05ms. RandomReadSpeed=606.49MBs, RandomWriteSpeed=124.24MBs. Assigned SpeedClass 'Local'
[2024.12.17-15.25.52:535][  0]LogDerivedDataCache: Using Local data cache path C:/Users/julas/AppData/Local/UnrealEngine/Common/DerivedDataCache: Writable
[2024.12.17-15.25.52:535][  0]LogDerivedDataCache: Shared data cache path not found in *engine.ini, will not use an Shared cache.
[2024.12.17-15.25.52:535][  0]LogDerivedDataCache: Unable to find inner node Shared for hierarchical cache Hierarchy.
[2024.12.17-15.25.52:589][  0]LogSlate: Using FreeType 2.10.0
[2024.12.17-15.25.52:589][  0]LogSlate: SlateFontServices - WITH_FREETYPE: 1, WITH_HARFBUZZ: 1
[2024.12.17-15.25.52:617][  0]LogAssetRegistry: FAssetRegistry took 0.0035 seconds to start up
[2024.12.17-15.25.52:881][  0]LogInit: Selected Device Profile: [Windows]
[2024.12.17-15.25.52:881][  0]LogInit: Active device profile: [0000024A434A1100][0000024A40806A80 49] Windows
[2024.12.17-15.25.52:881][  0]LogInit: Profiles: [0000024A434A1100][0000024A40806A80 49] Windows, [0000024A4347E700][0000024A40724BC0 49] WindowsNoEditor, [0000024A434A2200][0000024A36156D40 49] WindowsServer, [0000024A4347D900][0000024A4205AEC0 49] WindowsClient, [0000024A434A1700][0000024A35D39040 49] IOS, [0000024A4347E900][0000024A35D3D1C0 49] iPadAir, [0000024A434A3C00][0000024A35D41340 49] iPadAir2, [0000024A4342D400][0000024A360D5600 49] IPadPro, [0000024A4342D500][0000024A360D1640 49] iPadAir3, [0000024A4347FA00][0000024A360D97C0 49] iPadAir4, [0000024A4342E300][0000024A360DD940 49] iPadMini2, [0000024A4347F100][0000024A360E1AC0 49] iPadMini3, [0000024A4342EF00][0000024A407940C0 49] iPadMini4, [0000024A4347DE00][0000024A40798240 49] iPadMini5, [0000024A43485000][0000024A407A0500 49] iPhone6, [0000024A43485100][0000024A4079C540 49] iPodTouch6, [0000024A434A3900][0000024A407A8800 49] iPhone7, [0000024A434A2900][0000024A407A4840 49] iPodTouch7, [0000024A4342D000][0000024A40790980 49] iPhone5S, [0000024A434A2F00][0000024A407ACAC0 49] iPhone6Plus, [0000024A4342F600][0000024A407B0C00 49] iPhone6S, [0000024A434A0C00][0000024A407B4D40 49] iPhone6SPlus, [0000024A434A1D00][0000024A36110EC0 49] iPhone7Plus, [0000024A43484800][0000024A36115040 49] iPhoneSE, [0000024A434A0400][0000024A361191C0 49] iPhone8, [0000024A43484900][0000024A3611D340 49] iPhone8Plus, [0000024A43486E00][0000024A361214C0 49] iPhoneX, [0000024A4342DD00][0000024A36125640 49] iPhoneXS, [0000024A43486700][0000024A361297C0 49] iPhoneXSMax, [0000024A4342DC00][0000024A3612D940 49] iPhoneXR, [0000024A43486800][0000024A36131AC0 49] iPhone11, [0000024A4342CF00][0000024A361340C0 49] iPhone11Pro, [0000024A43484B00][0000024A36138240 49] iPhone11ProMax, [0000024A4342CD00][0000024A3613C3C0 49] iPhoneSE2, [0000024A43484E00][0000024A36140540 49] iPhone12Mini, [0000024A434A3800][0000024A361446C0 49] iPhone12, [0000024A43487000][0000024A36148840 49] iPhone12Pro, [0000024A434A3700][0000024A3614C9C0 49] iPhone12ProMax, [0000024A43485E00][0000024A41E82B40 49] iPadPro105, [0000024A434A1300][0000024A407B8C80 49] iPadPro129, [0000024A43487E00][0000024A41E86DC0 49] iPadPro97, [0000024A434A1C00][0000024A41E8AF00 49] iPadPro2_129, [0000024A43486000][0000024A41E93080 49] iPad5, [0000024A434A2300][0000024A41E97200 49] iPad6, [0000024A43487B00][0000024A41E9B380 49] iPad7, [0000024A434A1E00][0000024A41E9F500 49] iPad8, [0000024A43484A00][0000024A41EA3680 49] iPadPro11, [0000024A434A2600][0000024A41EA7800 49] iPadPro2_11, [0000024A43484F00][0000024A41EAB980 49] iPadPro3_129, [0000024A434A2800][0000024A41EAFB00 49] iPadPro4_129, [0000024A43487C00][0000024A41EB2100 49] AppleTV, [0000024A434A1A00][0000024A41EB6280 49] AppleTV4K, [0000024A43486600][0000024A41EBA400 49] TVOS, [0000024A434A2100][0000024A41EBE580 49] Mac, [0000024A43486F00][0000024A41EC2700 49] MacClient, [0000024A434A2A00][0000024A41EC6880 49] MacNoEditor, [0000024A43486C00][0000024A41ECAA00 49] MacServer, [0000024A434A3000][0000024A41ECEB80 49] Linux, [0000024A43484400][0000024A41ED2D00 49] LinuxAArch64, [0000024A434A0700][0000024A41E8EE40 49] LinuxNoEditor, [0000024A43487700][0000024A41ED6F80 49] LinuxAArch64NoEditor, [0000024A434A3B00][0000024A41EDB0C0 49] LinuxClient, [0000024A43487400][0000024A41EE3240 49] LinuxAArch64Client, [0000024A434A3E00][0000024A41EE73C0 49] LinuxServer, [0000024A43484700][0000024A41EEB540 49] LinuxAArch64Server, [0000024A434A1F00][0000024A35CB36C0 49] Android, [0000024A43486A00][0000024A35CB7840 49] Android_Low, [0000024A434A2D00][0000024A35CBB9C0 49] Android_Mid, [0000024A43485F00][0000024A35CBFB40 49] Android_High, [0000024A434A2B00][0000024A35CC2140 49] Android_Default, [0000024A43484100][0000024A35CC62C0 49] Android_Adreno4xx, [0000024A434A0500][0000024A35CCA440 49] Android_Adreno5xx_Low, [0000024A43485400][0000024A35CCE5C0 49] Android_Adreno5xx, [0000024A434A3400][0000024A35CD2740 49] Android_Adreno6xx, [0000024A43486300][0000024A35CD68C0 49] Android_Adreno6xx_Vulkan, [0000024A434A3D00][0000024A35CDAA40 49] Android_Mali_T6xx, [0000024A43484200][0000024A35CDEBC0 49] Android_Mali_T7xx, [0000024A434A3600][0000024A35CE2D40 49] Android_Mali_T8xx, [0000024A43487200][0000024A35CE6EC0 49] Android_Mali_G71, [0000024A4342F100][0000024A41EDF000 49] Android_Mali_G72, [0000024A4347EF00][0000024A35CEB140 49] Android_Mali_G72_Vulkan, [0000024A4342EB00][0000024A35CEF280 49] Android_Mali_G76, [0000024A4347C500][0000024A35CF33C0 49] Android_Mali_G76_Vulkan, [0000024A4342CC00][0000024A35CFB540 49] Android_Mali_G77, [0000024A4347C600][0000024A35CFF6C0 49] Android_Mali_G77_Vulkan, [0000024A4342E400][0000024A35D03840 49] Android_Mali_G78, [0000024A4347CD00][0000024A35D079C0 49] Android_Mali_G78_Vulkan, [0000024A4342FD00][0000024A35D0BB40 49] Android_Mali_G710, [0000024A4347EB00][0000024A35D0E140 49] Android_Mali_G710_Vulkan, [0000024A4342EA00][0000024A35D122C0 49] Android_Vulkan_SM5, [0000024A4347DA00][0000024A35D16440 49] Android_PowerVR_G6xxx, [0000024A4342C500][0000024A35D1A5C0 49] Android_PowerVR_GT7xxx, [0000024A4347C200][0000024A35D1E740 49] Android_PowerVR_GE8xxx, [0000024A4342FB00][0000024A41BCE8C0 49] Android_PowerVR_GM9xxx, [0000024A4347E100][0000024A41BD2A40 49] Android_PowerVR_GM9xxx_Vulkan, [0000024A4342DF00][0000024A41BD6BC0 49] Android_TegraK1, [0000024A4347CA00][0000024A41BDAD40 49] Android_Unknown_Vulkan, [0000024A4342F900][0000024A41BDEEC0 49] Lumin, [0000024A4347D100][0000024A41BE3040 49] Lumin_Desktop, [0000024A4342E000][0000024A35CF7180 49] HoloLens, 
[2024.12.17-15.25.52:995][  0]LogMeshReduction: Using QuadricMeshReduction for automatic static mesh reduction
[2024.12.17-15.25.52:995][  0]LogMeshReduction: Using SimplygonMeshReduction for automatic skeletal mesh reduction
[2024.12.17-15.25.52:995][  0]LogMeshReduction: Using ProxyLODMeshReduction for automatic mesh merging
[2024.12.17-15.25.52:995][  0]LogMeshReduction: No distributed automatic mesh merging module available
[2024.12.17-15.25.52:995][  0]LogMeshMerging: No distributed automatic mesh merging module available
[2024.12.17-15.25.53:009][  0]LogNetVersion: MyProject3 1.0.0, NetCL: 17155196, EngineNetVer: 17, GameNetVer: 0 (Checksum: 3986482189)
[2024.12.17-15.25.53:365][  0]LogTexture: Default maximum texture size for cubemaps generated from long-lat sources has been changed from 512 to unlimited. In order to preserve old behaiour for '/Engine/MapTemplates/Sky/DaylightAmbientCubemap.DaylightAmbientCubemap', its maximum texture size has been explicitly set to 512.
[2024.12.17-15.25.53:414][  0]LogHMD: PokeAHoleMaterial loaded successfully
[2024.12.17-15.25.53:419][  0]LogUObjectArray: 17178 objects as part of root set at end of initial load.
[2024.12.17-15.25.53:419][  0]LogUObjectAllocator: 4302048 out of 0 bytes used by permanent object pool.
[2024.12.17-15.25.53:419][  0]LogUObjectArray: CloseDisregardForGC: 0/0 objects in disregard for GC pool
[2024.12.17-15.25.53:664][  0]LogNiagaraDebuggerClient: Niagara Debugger Client Initialized | Session: F028715147ACE0401C845C9F7BC46C64 | Instance: BCEF17B2411D21667C76C8BD0636D9A1 (JUL-20088).
[2024.12.17-15.25.53:765][  0]LogPython: Using Python 3.7.7
[2024.12.17-15.25.54:175][  0]LogTcpMessaging: Initializing TcpMessaging bridge
[2024.12.17-15.25.54:179][  0]LogUdpMessaging: Initializing bridge on interface 0.0.0.0:0 to multicast group 230.0.0.1:6666.
[2024.12.17-15.25.54:333][  0]SourceControl: Source control is disabled
[2024.12.17-15.25.54:333][  0]SourceControl: Source control is disabled
[2024.12.17-15.25.54:338][  0]SourceControl: Source control is disabled
[2024.12.17-15.25.54:342][  0]SourceControl: Source control is disabled
[2024.12.17-15.25.54:352][  0]SourceControl: Source control is disabled
[2024.12.17-15.25.54:361][  0]LogUProjectInfo: Found projects:
[2024.12.17-15.25.54:364][  0]LogVSAccessor: Display: Unable to create Visual Studio setup instance: 80040154
[2024.12.17-15.25.54:364][  0]LogVSAccessor: Display: Unable to create Visual Studio setup instance: 80040154
[2024.12.17-15.25.54:365][  0]LogVSAccessor: Display: Unable to create Visual Studio setup instance: 80040154
[2024.12.17-15.25.54:582][  0]LogOpenImageDenoise: OIDN starting up
[2024.12.17-15.25.54:636][  0]LogAudioCaptureCore: Display: No Audio Capture implementations found. Audio input will be silent.
[2024.12.17-15.25.54:636][  0]LogAudioCaptureCore: Display: No Audio Capture implementations found. Audio input will be silent.
[2024.12.17-15.25.54:642][  0]LogAndroidPermission: UAndroidPermissionCallbackProxy::GetInstance
[2024.12.17-15.25.54:746][  0]LogCollectionManager: Loaded 0 collections in 0.001631 seconds
[2024.12.17-15.25.54:768][  0]LogFileCache: Scanning file cache for directory 'C:/Users/julas/OneDrive/Documents/Unreal Projects/MyProject3/Saved/Collections/' took 0.00s
[2024.12.17-15.25.54:768][  0]LogFileCache: Scanning file cache for directory 'C:/Users/julas/OneDrive/Documents/Unreal Projects/MyProject3/Content/Developers/julas/Collections/' took 0.00s
[2024.12.17-15.25.54:768][  0]LogFileCache: Scanning file cache for directory 'C:/Users/julas/OneDrive/Documents/Unreal Projects/MyProject3/Content/Collections/' took 0.00s
[2024.12.17-15.25.54:768][  0]LogOcInput: OculusInput pre-init called
[2024.12.17-15.25.54:954][  0]LogEngine: Initializing Engine...
[2024.12.17-15.25.54:957][  0]LogHMD: Failed to enumerate extensions. Please check that you have a valid OpenXR runtime installed.
[2024.12.17-15.25.54:957][  0]LogHMD: Failed to initialize OpenVR with code 110
[2024.12.17-15.25.54:957][  0]LogMagicLeap: Warning: VR disabled because ZI is not enabled.  To enable, in the editor, Edit -> Project Settings -> Plugins -> Magic Leap Plugin -> Enable Zero Iteration
[2024.12.17-15.25.54:957][  0]LogStats: UGameplayTagsManager::InitializeManager -  0.000 s
[2024.12.17-15.25.55:055][  0]LogInit: Initializing FReadOnlyCVARCache
[2024.12.17-15.25.55:062][  0]LogAIModule: Creating AISystem for world Untitled
[2024.12.17-15.25.55:067][  0]LogAudio: Display: Initializing Audio Device Manager...
[2024.12.17-15.25.55:071][  0]LogAudio: Display: Loading Default Audio Settings Objects...
[2024.12.17-15.25.55:072][  0]LogAudio: Display: No default SoundConcurrencyObject specified (or failed to load).
[2024.12.17-15.25.55:072][  0]LogAudio: Display: Audio Device Manager Initialized
[2024.12.17-15.25.55:072][  0]LogAudio: Display: Creating Audio Device:                 Id: 1, Scope: Shared, Realtime: True
[2024.12.17-15.25.55:072][  0]LogAudioMixer: Display: Audio Mixer Platform Settings:
[2024.12.17-15.25.55:072][  0]LogAudioMixer: Display: 	Sample Rate:						  48000
[2024.12.17-15.25.55:072][  0]LogAudioMixer: Display: 	Callback Buffer Frame Size Requested: 1024
[2024.12.17-15.25.55:072][  0]LogAudioMixer: Display: 	Callback Buffer Frame Size To Use:	  1024
[2024.12.17-15.25.55:072][  0]LogAudioMixer: Display: 	Number of buffers to queue:			  2
[2024.12.17-15.25.55:072][  0]LogAudioMixer: Display: 	Max Channels (voices):				  32
[2024.12.17-15.25.55:072][  0]LogAudioMixer: Display: 	Number of Async Source Workers:		  0
[2024.12.17-15.25.55:072][  0]LogAudio: Display: AudioDevice MaxSources: 32
[2024.12.17-15.25.55:072][  0]LogAudio: Display: Audio Spatialization Plugin: None (built-in).
[2024.12.17-15.25.55:072][  0]LogAudio: Display: Audio Reverb Plugin: None (built-in).
[2024.12.17-15.25.55:072][  0]LogAudio: Display: Audio Occlusion Plugin: None (built-in).
[2024.12.17-15.25.55:072][  0]LogAudioMixer: Display: Initializing audio mixer.
[2024.12.17-15.25.55:087][  0]LogAudioMixer: Display: 0: FrontLeft
[2024.12.17-15.25.55:087][  0]LogAudioMixer: Display: 1: FrontRight
[2024.12.17-15.25.55:119][  0]LogAudioMixer: Display: Using Audio Device Speakers (Realtek(R) Audio)
[2024.12.17-15.25.55:121][  0]LogAudioMixer: Display: Initializing Sound Submixes...
[2024.12.17-15.25.55:123][  0]LogAudioMixer: Display: Creating Master Submix 'MasterSubmixDefault'
[2024.12.17-15.25.55:123][  0]LogAudioMixer: Display: Creating Master Submix 'MasterReverbSubmixDefault'
[2024.12.17-15.25.55:124][  0]LogAudioMixer: Display: Creating Master Submix 'MasterEQSubmixDefault'
[2024.12.17-15.25.55:124][  0]LogAudioMixer: FMixerPlatformXAudio2::StartAudioStream() called
[2024.12.17-15.25.55:124][  0]LogAudioMixer: Display: Output buffers initialized: Frames=1024, Channels=2, Samples=2048
[2024.12.17-15.25.55:125][  0]LogAudioMixer: Display: Starting AudioMixerPlatformInterface::RunInternal()
[2024.12.17-15.25.55:125][  0]LogAudioMixer: Display: FMixerPlatformXAudio2::SubmitBuffer() called for the first time
[2024.12.17-15.25.55:125][  0]LogInit: FAudioDevice initialized.
[2024.12.17-15.25.55:125][  0]LogAudio: Display: Audio Device (ID: 1) registered with world 'Untitled'.
[2024.12.17-15.25.55:125][  0]LogNetVersion: Set ProjectVersion to 1.0.0.0. Version Checksum will be recalculated on next use.
[2024.12.17-15.25.55:174][  0]LogDerivedDataCache: Saved boot cache 0.05s 94MB C:/Users/julas/AppData/Local/UnrealEngine/4.27/DerivedDataCache/Boot.ddc.
[2024.12.17-15.25.55:174][  0]LogInit: Texture streaming: Enabled
[2024.12.17-15.25.55:186][  0]LogAnalytics: Display: [UEEditor.Rocket.Release] APIServer = https://datarouter.ol.epicgames.com/. AppVersion = 4.27.2-18319896+++UE4+Release-4.27
[2024.12.17-15.25.55:189][  0]LogEngineSessionManager: EngineSessionManager initialized
[2024.12.17-15.25.55:189][  0]LogEditorSessionSummary: Verbose: Initializing EditorSessionSummaryWriter for editor session tracking
[2024.12.17-15.25.55:191][  0]LogEditorSessionSummary: EditorSessionSummaryWriter initialized
[2024.12.17-15.25.55:213][  0]LogInit: Transaction tracking system initialized
[2024.12.17-15.25.55:234][  0]BlueprintLog: New page: Editor Load
[2024.12.17-15.25.55:293][  0]LocalizationService: Localization service is disabled
[2024.12.17-15.25.55:331][  0]TimingProfiler: Initialize
[2024.12.17-15.25.55:331][  0]TimingProfiler: OnSessionChanged
[2024.12.17-15.25.55:331][  0]LoadingProfiler: Initialize
[2024.12.17-15.25.55:331][  0]LoadingProfiler: OnSessionChanged
[2024.12.17-15.25.55:331][  0]NetworkingProfiler: Initialize
[2024.12.17-15.25.55:331][  0]NetworkingProfiler: OnSessionChanged
[2024.12.17-15.25.55:331][  0]MemoryProfiler: Initialize
[2024.12.17-15.25.55:331][  0]MemoryProfiler: OnSessionChanged
[2024.12.17-15.25.55:396][  0]LogVSAccessor: Display: Unable to create Visual Studio setup instance: 80040154
[2024.12.17-15.25.55:397][  0]LogVSAccessor: Display: Unable to create Visual Studio setup instance: 80040154
[2024.12.17-15.25.55:397][  0]LogVSAccessor: Display: Unable to create Visual Studio setup instance: 80040154
[2024.12.17-15.25.55:484][  0]LogCook: Display: CookSettings for Memory: MemoryMaxUsedVirtual 0MiB, MemoryMaxUsedPhysical 16384MiB, MemoryMinFreeVirtual 0MiB, MemoryMinFreePhysical 1024MiB
[2024.12.17-15.25.55:484][  0]LogCook: Display: Mobile HDR setting 1
[2024.12.17-15.25.55:654][  0]LogFileCache: Scanning file cache for directory 'C:/Users/julas/OneDrive/Documents/Unreal Projects/MyProject3/Content/' took 0.00s
[2024.12.17-15.25.55:803][  0]LogInit: Display: Engine is initialized. Leaving FEngineLoop::Init()
[2024.12.17-15.25.55:806][  0]SourceControl: Source control is disabled
[2024.12.17-15.25.55:806][  0]LogUnrealEdMisc: Loading editor; pre map load, took 6.398
[2024.12.17-15.25.55:806][  0]Cmd: MAP LOAD FILE="../../../../../../Users/julas/OneDrive/Documents/Unreal Projects/MyProject3/Content/StarterContent/Maps/Minimal_Default.umap" TEMPLATE=0 SHOWPROGRESS=1 FEATURELEVEL=3
[2024.12.17-15.25.55:806][  0]LightingResults: New page: Lighting Build
[2024.12.17-15.25.55:807][  0]LogWorld: UWorld::CleanupWorld for Untitled, bSessionEnded=true, bCleanupResources=true
[2024.12.17-15.25.55:807][  0]LogSlate: InvalidateAllWidgets triggered.  All widgets were invalidated
[2024.12.17-15.25.55:807][  0]MapCheck: New page: Map Check
[2024.12.17-15.25.55:807][  0]LightingResults: New page: Lighting Build
[2024.12.17-15.25.55:812][  0]LogAudio: Display: Audio Device unregistered from world 'None'.
[2024.12.17-15.25.55:814][  0]LogUObjectHash: Compacting FUObjectHashTables data took   0.58ms
[2024.12.17-15.25.55:892][  0]LogTexture: Display: Building textures: DeprecatedTextureD6C57B644F03DADF4F2699848FAEA3C3 (BGRA8, 128X128)
[2024.12.17-15.25.55:895][  0]LogTexture: Display: Building textures: DeprecatedTexture8D91C9AE4C6B8D628CDA3C848426284A (BGRA8, 128X128)
[2024.12.17-15.25.55:925][  0]LogAudio: Display: Audio Device (ID: 1) registered with world 'Minimal_Default'.
[2024.12.17-15.25.55:926][  0]LogAIModule: Creating AISystem for world Minimal_Default
[2024.12.17-15.25.55:930][  0]LogEditorServer: Finished looking for orphan Actors (0.000 secs)
[2024.12.17-15.25.55:934][  0]LogUObjectHash: Compacting FUObjectHashTables data took   0.61ms
[2024.12.17-15.25.55:935][  0]Cmd: MAP CHECKDEP NOCLEARLOG
[2024.12.17-15.25.55:935][  0]MapCheck: Map check complete: 0 Error(s), 0 Warning(s), took 0.19ms to complete.
[2024.12.17-15.25.55:935][  0]LogFileHelpers: Loading map 'Minimal_Default' took 0.129
[2024.12.17-15.25.55:937][  0]LogUnrealEdMisc: Total Editor Startup Time, took 6.528
[2024.12.17-15.25.56:034][  0]LogSlate: Updating window title bar state: overlay mode, drag disabled, window buttons hidden, title bar hidden
[2024.12.17-15.25.56:039][  0]LogSlate: Updating window title bar state: overlay mode, drag disabled, window buttons hidden, title bar hidden
[2024.12.17-15.25.56:044][  0]LogSlate: Updating window title bar state: overlay mode, drag disabled, window buttons hidden, title bar hidden
[2024.12.17-15.25.56:048][  0]LogSlate: Updating window title bar state: overlay mode, drag disabled, window buttons hidden, title bar hidden
[2024.12.17-15.25.56:059][  0]LogNativeClassHierarchy: Verbose: Native class hierarchy populated in 0.0076 seconds. Added 3822 classes and 928 folders.
[2024.12.17-15.25.56:061][  0]LogNativeClassHierarchy: Verbose: Native class hierarchy updated for 'WidgetCarousel' in 0.0002 seconds. Added 0 classes and 0 folders.
[2024.12.17-15.25.56:063][  0]LogPakFile: PakFile PrimaryIndexSize=187
[2024.12.17-15.25.56:063][  0]LogPakFile: PakFile PathHashIndexSize=101
[2024.12.17-15.25.56:063][  0]LogPakFile: PakFile FullDirectoryIndexSize=148
[2024.12.17-15.25.56:063][  0]LogShaderLibrary: Display: ShaderCodeLibraryPakFileMountedCallback: PakFile 'C:/Program Files/Epic Games/UE_4.27/FeaturePacks/FP_FirstPerson.upack' (chunk index -1, root 'root:/') mounted
[2024.12.17-15.25.56:063][  0]LogShaderLibrary: Display: ShaderCodeLibraryPakFileMountedCallback: pending pak file info (ChunkID:-1 Root:root:/ File:C:/Program Files/Epic Games/UE_4.27/FeaturePacks/FP_FirstPerson.upack)
[2024.12.17-15.25.56:063][  0]LogPakFile: OnPakFileMounted2Time == 0.000055
[2024.12.17-15.25.56:064][  0]LogPakFile: PakFile PrimaryIndexSize=189
[2024.12.17-15.25.56:064][  0]LogPakFile: PakFile PathHashIndexSize=101
[2024.12.17-15.25.56:064][  0]LogPakFile: PakFile FullDirectoryIndexSize=152
[2024.12.17-15.25.56:064][  0]LogShaderLibrary: Display: ShaderCodeLibraryPakFileMountedCallback: PakFile 'C:/Program Files/Epic Games/UE_4.27/FeaturePacks/FP_FirstPersonBP.upack' (chunk index -1, root 'root:/') mounted
[2024.12.17-15.25.56:064][  0]LogShaderLibrary: Display: ShaderCodeLibraryPakFileMountedCallback: pending pak file info (ChunkID:-1 Root:root:/ File:C:/Program Files/Epic Games/UE_4.27/FeaturePacks/FP_FirstPersonBP.upack)
[2024.12.17-15.25.56:064][  0]LogPakFile: OnPakFileMounted2Time == 0.000029
[2024.12.17-15.25.56:064][  0]LogPakFile: PakFile PrimaryIndexSize=191
[2024.12.17-15.25.56:064][  0]LogPakFile: PakFile PathHashIndexSize=101
[2024.12.17-15.25.56:064][  0]LogPakFile: PakFile FullDirectoryIndexSize=160
[2024.12.17-15.25.56:064][  0]LogShaderLibrary: Display: ShaderCodeLibraryPakFileMountedCallback: PakFile 'C:/Program Files/Epic Games/UE_4.27/FeaturePacks/MobileStarterContent.upack' (chunk index -1, root 'root:/') mounted
[2024.12.17-15.25.56:064][  0]LogShaderLibrary: Display: ShaderCodeLibraryPakFileMountedCallback: pending pak file info (ChunkID:-1 Root:root:/ File:C:/Program Files/Epic Games/UE_4.27/FeaturePacks/MobileStarterContent.upack)
[2024.12.17-15.25.56:064][  0]LogPakFile: OnPakFileMounted2Time == 0.000025
[2024.12.17-15.25.56:065][  0]LogPakFile: PakFile PrimaryIndexSize=185
[2024.12.17-15.25.56:065][  0]LogPakFile: PakFile PathHashIndexSize=101
[2024.12.17-15.25.56:065][  0]LogPakFile: PakFile FullDirectoryIndexSize=148
[2024.12.17-15.25.56:065][  0]LogShaderLibrary: Display: ShaderCodeLibraryPakFileMountedCallback: PakFile 'C:/Program Files/Epic Games/UE_4.27/FeaturePacks/StarterContent.upack' (chunk index -1, root 'root:/') mounted
[2024.12.17-15.25.56:065][  0]LogShaderLibrary: Display: ShaderCodeLibraryPakFileMountedCallback: pending pak file info (ChunkID:-1 Root:root:/ File:C:/Program Files/Epic Games/UE_4.27/FeaturePacks/StarterContent.upack)
[2024.12.17-15.25.56:065][  0]LogPakFile: OnPakFileMounted2Time == 0.000029
[2024.12.17-15.25.56:065][  0]LogPakFile: PakFile PrimaryIndexSize=190
[2024.12.17-15.25.56:065][  0]LogPakFile: PakFile PathHashIndexSize=101
[2024.12.17-15.25.56:065][  0]LogPakFile: PakFile FullDirectoryIndexSize=154
[2024.12.17-15.25.56:065][  0]LogShaderLibrary: Display: ShaderCodeLibraryPakFileMountedCallback: PakFile 'C:/Program Files/Epic Games/UE_4.27/FeaturePacks/TP_2DSideScroller.upack' (chunk index -1, root 'root:/') mounted
[2024.12.17-15.25.56:065][  0]LogShaderLibrary: Display: ShaderCodeLibraryPakFileMountedCallback: pending pak file info (ChunkID:-1 Root:root:/ File:C:/Program Files/Epic Games/UE_4.27/FeaturePacks/TP_2DSideScroller.upack)
[2024.12.17-15.25.56:065][  0]LogPakFile: OnPakFileMounted2Time == 0.000024
[2024.12.17-15.25.56:066][  0]LogPakFile: PakFile PrimaryIndexSize=192
[2024.12.17-15.25.56:066][  0]LogPakFile: PakFile PathHashIndexSize=101
[2024.12.17-15.25.56:066][  0]LogPakFile: PakFile FullDirectoryIndexSize=158
[2024.12.17-15.25.56:066][  0]LogShaderLibrary: Display: ShaderCodeLibraryPakFileMountedCallback: PakFile 'C:/Program Files/Epic Games/UE_4.27/FeaturePacks/TP_2DSideScrollerBP.upack' (chunk index -1, root 'root:/') mounted
[2024.12.17-15.25.56:066][  0]LogShaderLibrary: Display: ShaderCodeLibraryPakFileMountedCallback: pending pak file info (ChunkID:-1 Root:root:/ File:C:/Program Files/Epic Games/UE_4.27/FeaturePacks/TP_2DSideScrollerBP.upack)
[2024.12.17-15.25.56:066][  0]LogPakFile: OnPakFileMounted2Time == 0.000025
[2024.12.17-15.25.56:066][  0]LogPakFile: PakFile PrimaryIndexSize=182
[2024.12.17-15.25.56:066][  0]LogPakFile: PakFile PathHashIndexSize=101
[2024.12.17-15.25.56:066][  0]LogPakFile: PakFile FullDirectoryIndexSize=138
[2024.12.17-15.25.56:066][  0]LogShaderLibrary: Display: ShaderCodeLibraryPakFileMountedCallback: PakFile 'C:/Program Files/Epic Games/UE_4.27/FeaturePacks/TP_Flying.upack' (chunk index -1, root 'root:/') mounted
[2024.12.17-15.25.56:066][  0]LogShaderLibrary: Display: ShaderCodeLibraryPakFileMountedCallback: pending pak file info (ChunkID:-1 Root:root:/ File:C:/Program Files/Epic Games/UE_4.27/FeaturePacks/TP_Flying.upack)
[2024.12.17-15.25.56:066][  0]LogPakFile: OnPakFileMounted2Time == 0.000024
[2024.12.17-15.25.56:067][  0]LogPakFile: PakFile PrimaryIndexSize=184
[2024.12.17-15.25.56:067][  0]LogPakFile: PakFile PathHashIndexSize=101
[2024.12.17-15.25.56:067][  0]LogPakFile: PakFile FullDirectoryIndexSize=142
[2024.12.17-15.25.56:067][  0]LogShaderLibrary: Display: ShaderCodeLibraryPakFileMountedCallback: PakFile 'C:/Program Files/Epic Games/UE_4.27/FeaturePacks/TP_FlyingBP.upack' (chunk index -1, root 'root:/') mounted
[2024.12.17-15.25.56:067][  0]LogShaderLibrary: Display: ShaderCodeLibraryPakFileMountedCallback: pending pak file info (ChunkID:-1 Root:root:/ File:C:/Program Files/Epic Games/UE_4.27/FeaturePacks/TP_FlyingBP.upack)
[2024.12.17-15.25.56:067][  0]LogPakFile: OnPakFileMounted2Time == 0.000023
[2024.12.17-15.25.56:067][  0]LogPakFile: PakFile PrimaryIndexSize=188
[2024.12.17-15.25.56:067][  0]LogPakFile: PakFile PathHashIndexSize=101
[2024.12.17-15.25.56:067][  0]LogPakFile: PakFile FullDirectoryIndexSize=150
[2024.12.17-15.25.56:067][  0]LogShaderLibrary: Display: ShaderCodeLibraryPakFileMountedCallback: PakFile 'C:/Program Files/Epic Games/UE_4.27/FeaturePacks/TP_HandheldARBP.upack' (chunk index -1, root 'root:/') mounted
[2024.12.17-15.25.56:067][  0]LogShaderLibrary: Display: ShaderCodeLibraryPakFileMountedCallback: pending pak file info (ChunkID:-1 Root:root:/ File:C:/Program Files/Epic Games/UE_4.27/FeaturePacks/TP_HandheldARBP.upack)
[2024.12.17-15.25.56:067][  0]LogPakFile: OnPakFileMounted2Time == 0.000022
[2024.12.17-15.25.56:068][  0]LogPakFile: PakFile PrimaryIndexSize=182
[2024.12.17-15.25.56:068][  0]LogPakFile: PakFile PathHashIndexSize=101
[2024.12.17-15.25.56:068][  0]LogPakFile: PakFile FullDirectoryIndexSize=138
[2024.12.17-15.25.56:068][  0]LogShaderLibrary: Display: ShaderCodeLibraryPakFileMountedCallback: PakFile 'C:/Program Files/Epic Games/UE_4.27/FeaturePacks/TP_Puzzle.upack' (chunk index -1, root 'root:/') mounted
[2024.12.17-15.25.56:068][  0]LogShaderLibrary: Display: ShaderCodeLibraryPakFileMountedCallback: pending pak file info (ChunkID:-1 Root:root:/ File:C:/Program Files/Epic Games/UE_4.27/FeaturePacks/TP_Puzzle.upack)
[2024.12.17-15.25.56:068][  0]LogPakFile: OnPakFileMounted2Time == 0.000024
[2024.12.17-15.25.56:068][  0]LogPakFile: PakFile PrimaryIndexSize=184
[2024.12.17-15.25.56:068][  0]LogPakFile: PakFile PathHashIndexSize=101
[2024.12.17-15.25.56:068][  0]LogPakFile: PakFile FullDirectoryIndexSize=142
[2024.12.17-15.25.56:068][  0]LogShaderLibrary: Display: ShaderCodeLibraryPakFileMountedCallback: PakFile 'C:/Program Files/Epic Games/UE_4.27/FeaturePacks/TP_PuzzleBP.upack' (chunk index -1, root 'root:/') mounted
[2024.12.17-15.25.56:068][  0]LogShaderLibrary: Display: ShaderCodeLibraryPakFileMountedCallback: pending pak file info (ChunkID:-1 Root:root:/ File:C:/Program Files/Epic Games/UE_4.27/FeaturePacks/TP_PuzzleBP.upack)
[2024.12.17-15.25.56:068][  0]LogPakFile: OnPakFileMounted2Time == 0.000023
[2024.12.17-15.25.56:069][  0]LogPakFile: PakFile PrimaryIndexSize=183
[2024.12.17-15.25.56:069][  0]LogPakFile: PakFile PathHashIndexSize=101
[2024.12.17-15.25.56:069][  0]LogPakFile: PakFile FullDirectoryIndexSize=140
[2024.12.17-15.25.56:069][  0]LogShaderLibrary: Display: ShaderCodeLibraryPakFileMountedCallback: PakFile 'C:/Program Files/Epic Games/UE_4.27/FeaturePacks/TP_Rolling.upack' (chunk index -1, root 'root:/') mounted
[2024.12.17-15.25.56:069][  0]LogShaderLibrary: Display: ShaderCodeLibraryPakFileMountedCallback: pending pak file info (ChunkID:-1 Root:root:/ File:C:/Program Files/Epic Games/UE_4.27/FeaturePacks/TP_Rolling.upack)
[2024.12.17-15.25.56:069][  0]LogPakFile: OnPakFileMounted2Time == 0.000026
[2024.12.17-15.25.56:070][  0]LogPakFile: PakFile PrimaryIndexSize=185
[2024.12.17-15.25.56:070][  0]LogPakFile: PakFile PathHashIndexSize=101
[2024.12.17-15.25.56:070][  0]LogPakFile: PakFile FullDirectoryIndexSize=144
[2024.12.17-15.25.56:070][  0]LogShaderLibrary: Display: ShaderCodeLibraryPakFileMountedCallback: PakFile 'C:/Program Files/Epic Games/UE_4.27/FeaturePacks/TP_RollingBP.upack' (chunk index -1, root 'root:/') mounted
[2024.12.17-15.25.56:070][  0]LogShaderLibrary: Display: ShaderCodeLibraryPakFileMountedCallback: pending pak file info (ChunkID:-1 Root:root:/ File:C:/Program Files/Epic Games/UE_4.27/FeaturePacks/TP_RollingBP.upack)
[2024.12.17-15.25.56:070][  0]LogPakFile: OnPakFileMounted2Time == 0.000043
[2024.12.17-15.25.56:070][  0]LogPakFile: PakFile PrimaryIndexSize=188
[2024.12.17-15.25.56:070][  0]LogPakFile: PakFile PathHashIndexSize=101
[2024.12.17-15.25.56:070][  0]LogPakFile: PakFile FullDirectoryIndexSize=150
[2024.12.17-15.25.56:070][  0]LogShaderLibrary: Display: ShaderCodeLibraryPakFileMountedCallback: PakFile 'C:/Program Files/Epic Games/UE_4.27/FeaturePacks/TP_SideScroller.upack' (chunk index -1, root 'root:/') mounted
[2024.12.17-15.25.56:070][  0]LogShaderLibrary: Display: ShaderCodeLibraryPakFileMountedCallback: pending pak file info (ChunkID:-1 Root:root:/ File:C:/Program Files/Epic Games/UE_4.27/FeaturePacks/TP_SideScroller.upack)
[2024.12.17-15.25.56:070][  0]LogPakFile: OnPakFileMounted2Time == 0.000027
[2024.12.17-15.25.56:071][  0]LogPakFile: PakFile PrimaryIndexSize=190
[2024.12.17-15.25.56:071][  0]LogPakFile: PakFile PathHashIndexSize=101
[2024.12.17-15.25.56:071][  0]LogPakFile: PakFile FullDirectoryIndexSize=154
[2024.12.17-15.25.56:071][  0]LogShaderLibrary: Display: ShaderCodeLibraryPakFileMountedCallback: PakFile 'C:/Program Files/Epic Games/UE_4.27/FeaturePacks/TP_SideScrollerBP.upack' (chunk index -1, root 'root:/') mounted
[2024.12.17-15.25.56:071][  0]LogShaderLibrary: Display: ShaderCodeLibraryPakFileMountedCallback: pending pak file info (ChunkID:-1 Root:root:/ File:C:/Program Files/Epic Games/UE_4.27/FeaturePacks/TP_SideScrollerBP.upack)
[2024.12.17-15.25.56:071][  0]LogPakFile: OnPakFileMounted2Time == 0.000025
[2024.12.17-15.25.56:071][  0]LogPakFile: PakFile PrimaryIndexSize=187
[2024.12.17-15.25.56:071][  0]LogPakFile: PakFile PathHashIndexSize=101
[2024.12.17-15.25.56:071][  0]LogPakFile: PakFile FullDirectoryIndexSize=148
[2024.12.17-15.25.56:071][  0]LogShaderLibrary: Display: ShaderCodeLibraryPakFileMountedCallback: PakFile 'C:/Program Files/Epic Games/UE_4.27/FeaturePacks/TP_ThirdPerson.upack' (chunk index -1, root 'root:/') mounted
[2024.12.17-15.25.56:071][  0]LogShaderLibrary: Display: ShaderCodeLibraryPakFileMountedCallback: pending pak file info (ChunkID:-1 Root:root:/ File:C:/Program Files/Epic Games/UE_4.27/FeaturePacks/TP_ThirdPerson.upack)
[2024.12.17-15.25.56:071][  0]LogPakFile: OnPakFileMounted2Time == 0.000024
[2024.12.17-15.25.56:071][  0]LogPakFile: PakFile PrimaryIndexSize=189
[2024.12.17-15.25.56:071][  0]LogPakFile: PakFile PathHashIndexSize=101
[2024.12.17-15.25.56:071][  0]LogPakFile: PakFile FullDirectoryIndexSize=152
[2024.12.17-15.25.56:071][  0]LogShaderLibrary: Display: ShaderCodeLibraryPakFileMountedCallback: PakFile 'C:/Program Files/Epic Games/UE_4.27/FeaturePacks/TP_ThirdPersonBP.upack' (chunk index -1, root 'root:/') mounted
[2024.12.17-15.25.56:071][  0]LogShaderLibrary: Display: ShaderCodeLibraryPakFileMountedCallback: pending pak file info (ChunkID:-1 Root:root:/ File:C:/Program Files/Epic Games/UE_4.27/FeaturePacks/TP_ThirdPersonBP.upack)
[2024.12.17-15.25.56:071][  0]LogPakFile: OnPakFileMounted2Time == 0.000024
[2024.12.17-15.25.56:073][  0]LogPakFile: PakFile PrimaryIndexSize=183
[2024.12.17-15.25.56:073][  0]LogPakFile: PakFile PathHashIndexSize=101
[2024.12.17-15.25.56:073][  0]LogPakFile: PakFile FullDirectoryIndexSize=140
[2024.12.17-15.25.56:073][  0]LogShaderLibrary: Display: ShaderCodeLibraryPakFileMountedCallback: PakFile 'C:/Program Files/Epic Games/UE_4.27/FeaturePacks/TP_TopDown.upack' (chunk index -1, root 'root:/') mounted
[2024.12.17-15.25.56:073][  0]LogShaderLibrary: Display: ShaderCodeLibraryPakFileMountedCallback: pending pak file info (ChunkID:-1 Root:root:/ File:C:/Program Files/Epic Games/UE_4.27/FeaturePacks/TP_TopDown.upack)
[2024.12.17-15.25.56:073][  0]LogPakFile: OnPakFileMounted2Time == 0.000029
[2024.12.17-15.25.56:073][  0]LogPakFile: PakFile PrimaryIndexSize=185
[2024.12.17-15.25.56:073][  0]LogPakFile: PakFile PathHashIndexSize=101
[2024.12.17-15.25.56:073][  0]LogPakFile: PakFile FullDirectoryIndexSize=144
[2024.12.17-15.25.56:073][  0]LogShaderLibrary: Display: ShaderCodeLibraryPakFileMountedCallback: PakFile 'C:/Program Files/Epic Games/UE_4.27/FeaturePacks/TP_TopDownBP.upack' (chunk index -1, root 'root:/') mounted
[2024.12.17-15.25.56:073][  0]LogShaderLibrary: Display: ShaderCodeLibraryPakFileMountedCallback: pending pak file info (ChunkID:-1 Root:root:/ File:C:/Program Files/Epic Games/UE_4.27/FeaturePacks/TP_TopDownBP.upack)
[2024.12.17-15.25.56:073][  0]LogPakFile: OnPakFileMounted2Time == 0.000024
[2024.12.17-15.25.56:074][  0]LogPakFile: PakFile PrimaryIndexSize=185
[2024.12.17-15.25.56:074][  0]LogPakFile: PakFile PathHashIndexSize=101
[2024.12.17-15.25.56:074][  0]LogPakFile: PakFile FullDirectoryIndexSize=144
[2024.12.17-15.25.56:074][  0]LogShaderLibrary: Display: ShaderCodeLibraryPakFileMountedCallback: PakFile 'C:/Program Files/Epic Games/UE_4.27/FeaturePacks/TP_TwinStick.upack' (chunk index -1, root 'root:/') mounted
[2024.12.17-15.25.56:074][  0]LogShaderLibrary: Display: ShaderCodeLibraryPakFileMountedCallback: pending pak file info (ChunkID:-1 Root:root:/ File:C:/Program Files/Epic Games/UE_4.27/FeaturePacks/TP_TwinStick.upack)
[2024.12.17-15.25.56:074][  0]LogPakFile: OnPakFileMounted2Time == 0.000025
[2024.12.17-15.25.56:074][  0]LogPakFile: PakFile PrimaryIndexSize=187
[2024.12.17-15.25.56:074][  0]LogPakFile: PakFile PathHashIndexSize=101
[2024.12.17-15.25.56:074][  0]LogPakFile: PakFile FullDirectoryIndexSize=148
[2024.12.17-15.25.56:074][  0]LogShaderLibrary: Display: ShaderCodeLibraryPakFileMountedCallback: PakFile 'C:/Program Files/Epic Games/UE_4.27/FeaturePacks/TP_TwinStickBP.upack' (chunk index -1, root 'root:/') mounted
[2024.12.17-15.25.56:074][  0]LogShaderLibrary: Display: ShaderCodeLibraryPakFileMountedCallback: pending pak file info (ChunkID:-1 Root:root:/ File:C:/Program Files/Epic Games/UE_4.27/FeaturePacks/TP_TwinStickBP.upack)
[2024.12.17-15.25.56:074][  0]LogPakFile: OnPakFileMounted2Time == 0.000024
[2024.12.17-15.25.56:075][  0]LogPakFile: PakFile PrimaryIndexSize=183
[2024.12.17-15.25.56:075][  0]LogPakFile: PakFile PathHashIndexSize=101
[2024.12.17-15.25.56:075][  0]LogPakFile: PakFile FullDirectoryIndexSize=140
[2024.12.17-15.25.56:075][  0]LogShaderLibrary: Display: ShaderCodeLibraryPakFileMountedCallback: PakFile 'C:/Program Files/Epic Games/UE_4.27/FeaturePacks/TP_Vehicle.upack' (chunk index -1, root 'root:/') mounted
[2024.12.17-15.25.56:075][  0]LogShaderLibrary: Display: ShaderCodeLibraryPakFileMountedCallback: pending pak file info (ChunkID:-1 Root:root:/ File:C:/Program Files/Epic Games/UE_4.27/FeaturePacks/TP_Vehicle.upack)
[2024.12.17-15.25.56:075][  0]LogPakFile: OnPakFileMounted2Time == 0.000024
[2024.12.17-15.25.56:075][  0]LogPakFile: PakFile PrimaryIndexSize=186
[2024.12.17-15.25.56:075][  0]LogPakFile: PakFile PathHashIndexSize=101
[2024.12.17-15.25.56:075][  0]LogPakFile: PakFile FullDirectoryIndexSize=146
[2024.12.17-15.25.56:075][  0]LogShaderLibrary: Display: ShaderCodeLibraryPakFileMountedCallback: PakFile 'C:/Program Files/Epic Games/UE_4.27/FeaturePacks/TP_VehicleAdv.upack' (chunk index -1, root 'root:/') mounted
[2024.12.17-15.25.56:075][  0]LogShaderLibrary: Display: ShaderCodeLibraryPakFileMountedCallback: pending pak file info (ChunkID:-1 Root:root:/ File:C:/Program Files/Epic Games/UE_4.27/FeaturePacks/TP_VehicleAdv.upack)
[2024.12.17-15.25.56:075][  0]LogPakFile: OnPakFileMounted2Time == 0.000024
[2024.12.17-15.25.56:076][  0]LogPakFile: PakFile PrimaryIndexSize=188
[2024.12.17-15.25.56:076][  0]LogPakFile: PakFile PathHashIndexSize=101
[2024.12.17-15.25.56:076][  0]LogPakFile: PakFile FullDirectoryIndexSize=150
[2024.12.17-15.25.56:076][  0]LogShaderLibrary: Display: ShaderCodeLibraryPakFileMountedCallback: PakFile 'C:/Program Files/Epic Games/UE_4.27/FeaturePacks/TP_VehicleAdvBP.upack' (chunk index -1, root 'root:/') mounted
[2024.12.17-15.25.56:076][  0]LogShaderLibrary: Display: ShaderCodeLibraryPakFileMountedCallback: pending pak file info (ChunkID:-1 Root:root:/ File:C:/Program Files/Epic Games/UE_4.27/FeaturePacks/TP_VehicleAdvBP.upack)
[2024.12.17-15.25.56:076][  0]LogPakFile: OnPakFileMounted2Time == 0.000025
[2024.12.17-15.25.56:076][  0]LogPakFile: PakFile PrimaryIndexSize=185
[2024.12.17-15.25.56:076][  0]LogPakFile: PakFile PathHashIndexSize=101
[2024.12.17-15.25.56:076][  0]LogPakFile: PakFile FullDirectoryIndexSize=144
[2024.12.17-15.25.56:076][  0]LogShaderLibrary: Display: ShaderCodeLibraryPakFileMountedCallback: PakFile 'C:/Program Files/Epic Games/UE_4.27/FeaturePacks/TP_VehicleBP.upack' (chunk index -1, root 'root:/') mounted
[2024.12.17-15.25.56:076][  0]LogShaderLibrary: Display: ShaderCodeLibraryPakFileMountedCallback: pending pak file info (ChunkID:-1 Root:root:/ File:C:/Program Files/Epic Games/UE_4.27/FeaturePacks/TP_VehicleBP.upack)
[2024.12.17-15.25.56:076][  0]LogPakFile: OnPakFileMounted2Time == 0.000024
[2024.12.17-15.25.56:077][  0]LogPakFile: PakFile PrimaryIndexSize=192
[2024.12.17-15.25.56:077][  0]LogPakFile: PakFile PathHashIndexSize=101
[2024.12.17-15.25.56:077][  0]LogPakFile: PakFile FullDirectoryIndexSize=158
[2024.12.17-15.25.56:077][  0]LogShaderLibrary: Display: ShaderCodeLibraryPakFileMountedCallback: PakFile 'C:/Program Files/Epic Games/UE_4.27/FeaturePacks/TP_VirtualRealityBP.upack' (chunk index -1, root 'root:/') mounted
[2024.12.17-15.25.56:077][  0]LogShaderLibrary: Display: ShaderCodeLibraryPakFileMountedCallback: pending pak file info (ChunkID:-1 Root:root:/ File:C:/Program Files/Epic Games/UE_4.27/FeaturePacks/TP_VirtualRealityBP.upack)
[2024.12.17-15.25.56:077][  0]LogPakFile: OnPakFileMounted2Time == 0.000026
[2024.12.17-15.25.56:132][  0]LogNativeClassHierarchy: Verbose: Native class hierarchy updated for 'AddContentDialog' in 0.0002 seconds. Added 0 classes and 0 folders.
[2024.12.17-15.25.56:133][  0]LogNativeClassHierarchy: Verbose: Native class hierarchy updated for 'SceneOutliner' in 0.0003 seconds. Added 2 classes and 0 folders.
[2024.12.17-15.25.56:185][  0]LogNativeClassHierarchy: Verbose: Native class hierarchy updated for 'HierarchicalLODOutliner' in 0.0002 seconds. Added 0 classes and 0 folders.
[2024.12.17-15.25.56:185][  0]LogLoad: (Engine Initialization) Total time: 6.78 seconds
[2024.12.17-15.25.56:185][  0]LogLoad: (Engine Initialization) Total Blueprint compile time: 0.00 seconds
[2024.12.17-15.25.56:227][  0]LogAssetRegistry: Asset discovery search completed in 3.6111 seconds
[2024.12.17-15.25.56:234][  0]LogCollectionManager: Fixed up redirectors for 0 collections in 0.000003 seconds (updated 0 objects)
[2024.12.17-15.25.56:235][  0]LogContentStreaming: Texture pool size now 1000 MB
[2024.12.17-15.25.56:240][  0]LogSlate: Took 0.000152 seconds to synchronously load lazily loaded font '../../../Engine/Content/Slate/Fonts/Roboto-Regular.ttf' (155K)
[2024.12.17-15.25.56:241][  0]LogSlate: Took 0.000140 seconds to synchronously load lazily loaded font '../../../Engine/Content/Editor/Slate/Fonts/FontAwesome.ttf' (139K)
[2024.12.17-15.25.56:241][  0]LogSlate: Took 0.000132 seconds to synchronously load lazily loaded font '../../../Engine/Content/Slate/Fonts/Roboto-Bold.ttf' (160K)
[2024.12.17-15.25.56:356][  0]LogSlate: Took 0.000203 seconds to synchronously load lazily loaded font '../../../Engine/Content/Slate/Fonts/Roboto-Light.ttf' (167K)
[2024.12.17-15.25.56:379][  1]LogRenderer: Reallocating scene render targets to support 892x476 Format 10 NumSamples 1 (Frame:1).
[2024.12.17-15.25.57:217][ 35]LogSlate: Took 0.000223 seconds to synchronously load lazily loaded font '../../../Engine/Content/Slate/Fonts/Roboto-Light.ttf' (167K)
[2024.12.17-15.25.58:272][ 94]LogSlate: Took 0.000228 seconds to synchronously load lazily loaded font '../../../Engine/Content/Slate/Fonts/Roboto-Italic.ttf' (157K)
[2024.12.17-15.25.59:076][140]LogRenderer: Reallocating scene render targets to support 1796x1040 Format 10 NumSamples 1 (Frame:135).
[2024.12.17-15.26.02:927][365]LogUObjectHash: Compacting FUObjectHashTables data took   0.57ms
[2024.12.17-15.26.02:945][365]LogAssetEditorSubsystem: Opening Asset editor for World /Game/StarterContent/lvl2.lvl2
[2024.12.17-15.26.02:945][365]Cmd: MAP LOAD FILE="../../../../../../Users/julas/OneDrive/Documents/Unreal Projects/MyProject3/Content/StarterContent/lvl2.umap" TEMPLATE=0 SHOWPROGRESS=1 FEATURELEVEL=3
[2024.12.17-15.26.02:945][365]LightingResults: New page: Lighting Build
[2024.12.17-15.26.02:945][365]LoadErrors: New page: Loading map: lvl2.umap
[2024.12.17-15.26.02:947][365]LogWorld: UWorld::CleanupWorld for Minimal_Default, bSessionEnded=true, bCleanupResources=true
[2024.12.17-15.26.02:947][365]LogSlate: InvalidateAllWidgets triggered.  All widgets were invalidated
[2024.12.17-15.26.02:947][365]MapCheck: New page: Map Check
[2024.12.17-15.26.02:947][365]LightingResults: New page: Lighting Build
[2024.12.17-15.26.02:949][365]LogAudio: Display: Audio Device unregistered from world 'None'.
[2024.12.17-15.26.02:955][365]LogUObjectHash: Compacting FUObjectHashTables data took   0.53ms
[2024.12.17-15.26.02:956][365]LogAudio: Display: Audio Device (ID: 1) registered with world 'lvl2'.
[2024.12.17-15.26.02:957][365]LogEditorServer: Finished looking for orphan Actors (0.000 secs)
[2024.12.17-15.26.02:957][365]LogAIModule: Creating AISystem for world lvl2
[2024.12.17-15.26.02:962][365]LogUObjectHash: Compacting FUObjectHashTables data took   0.45ms
[2024.12.17-15.26.02:964][365]Cmd: MAP CHECKDEP NOCLEARLOG
[2024.12.17-15.26.02:965][365]MapCheck: Map check complete: 0 Error(s), 0 Warning(s), took 0.125ms to complete.
[2024.12.17-15.26.02:965][365]LogFileHelpers: Loading map 'lvl2' took 0.020
[2024.12.17-15.26.05:101][491]LogUObjectHash: Compacting FUObjectHashTables data took   0.19ms
[2024.12.17-15.26.05:129][491]LogAssetEditorSubsystem: Opening Asset editor for World /Game/StarterContent/lvl1.lvl1
[2024.12.17-15.26.05:130][491]Cmd: MAP LOAD FILE="../../../../../../Users/julas/OneDrive/Documents/Unreal Projects/MyProject3/Content/StarterContent/lvl1.umap" TEMPLATE=0 SHOWPROGRESS=1 FEATURELEVEL=3
[2024.12.17-15.26.05:130][491]LightingResults: New page: Lighting Build
[2024.12.17-15.26.05:130][491]LoadErrors: New page: Loading map: lvl1.umap
[2024.12.17-15.26.05:131][491]LogWorld: UWorld::CleanupWorld for lvl2, bSessionEnded=true, bCleanupResources=true
[2024.12.17-15.26.05:131][491]LogSlate: InvalidateAllWidgets triggered.  All widgets were invalidated
[2024.12.17-15.26.05:132][491]MapCheck: New page: Map Check
[2024.12.17-15.26.05:132][491]LightingResults: New page: Lighting Build
[2024.12.17-15.26.05:136][491]LogAudio: Display: Audio Device unregistered from world 'None'.
[2024.12.17-15.26.05:137][491]LogUObjectHash: Compacting FUObjectHashTables data took   0.69ms
[2024.12.17-15.26.05:137][491]LogAudio: Display: Audio Device (ID: 1) registered with world 'lvl1'.
[2024.12.17-15.26.05:140][491]LogEditorServer: Finished looking for orphan Actors (0.000 secs)
[2024.12.17-15.26.05:140][491]LogAIModule: Creating AISystem for world lvl1
[2024.12.17-15.26.05:146][491]LogUObjectHash: Compacting FUObjectHashTables data took   0.56ms
[2024.12.17-15.26.05:149][491]Cmd: MAP CHECKDEP NOCLEARLOG
[2024.12.17-15.26.05:149][491]MapCheck: Map check complete: 0 Error(s), 0 Warning(s), took 0.148ms to complete.
[2024.12.17-15.26.05:149][491]LogFileHelpers: Loading map 'lvl1' took 0.019
[2024.12.17-15.26.11:802][890]LogLinker: Warning: Failed to load '/Game/StarterContent/lvl2.lvl2:PersistentLevel.lvl2': Can't resolve asset name
[2024.12.17-15.26.18:506][291]LogUObjectHash: Compacting FUObjectHashTables data took   0.20ms
[2024.12.17-15.26.18:530][291]LogAssetEditorSubsystem: Opening Asset editor for World /Game/StarterContent/lvl2.lvl2
[2024.12.17-15.26.18:530][291]Cmd: MAP LOAD FILE="../../../../../../Users/julas/OneDrive/Documents/Unreal Projects/MyProject3/Content/StarterContent/lvl2.umap" TEMPLATE=0 SHOWPROGRESS=1 FEATURELEVEL=3
[2024.12.17-15.26.18:530][291]LightingResults: New page: Lighting Build
[2024.12.17-15.26.18:530][291]LoadErrors: New page: Loading map: lvl2.umap
[2024.12.17-15.26.18:532][291]LogWorld: UWorld::CleanupWorld for lvl1, bSessionEnded=true, bCleanupResources=true
[2024.12.17-15.26.18:532][291]LogSlate: InvalidateAllWidgets triggered.  All widgets were invalidated
[2024.12.17-15.26.18:532][291]MapCheck: New page: Map Check
[2024.12.17-15.26.18:532][291]LightingResults: New page: Lighting Build
[2024.12.17-15.26.18:535][291]LogAudio: Display: Audio Device unregistered from world 'None'.
[2024.12.17-15.26.18:537][291]LogUObjectHash: Compacting FUObjectHashTables data took   0.59ms
[2024.12.17-15.26.18:537][291]LogAudio: Display: Audio Device (ID: 1) registered with world 'lvl2'.
[2024.12.17-15.26.18:539][291]LogEditorServer: Finished looking for orphan Actors (0.000 secs)
[2024.12.17-15.26.18:539][291]LogAIModule: Creating AISystem for world lvl2
[2024.12.17-15.26.18:543][291]LogUObjectHash: Compacting FUObjectHashTables data took   0.45ms
[2024.12.17-15.26.18:545][291]Cmd: MAP CHECKDEP NOCLEARLOG
[2024.12.17-15.26.18:545][291]MapCheck: Map check complete: 0 Error(s), 0 Warning(s), took 0.117ms to complete.
[2024.12.17-15.26.18:545][291]LogFileHelpers: Loading map 'lvl2' took 0.016
